/root/test/phpok/_app/fav/admin.control.php===>转换完毕
/root/test/phpok/_app/fav/admin.js===>转换完毕
/root/test/phpok/_app/fav/api.control.php===>转换完毕
/root/test/phpok/_app/fav/config.xml===>转换完毕
/root/test/phpok/_app/fav/global.func.php===>转换完毕
/root/test/phpok/_app/fav/install.php===>转换完毕
/root/test/phpok/_app/fav/model.php===>转换完毕
/root/test/phpok/_app/fav/tpl/admin_index.html===>转换完毕
/root/test/phpok/_app/fav/uninstall.php===>转换完毕
/root/test/phpok/_app/fav/www.control.php===>转换完毕
/root/test/phpok/_app/fav/www.js===>转换完毕
/root/test/phpok/admin.php===>转换完毕
/root/test/phpok/api.php===>转换完毕
/root/test/phpok/css/css.php===>转换完毕
/root/test/phpok/extension/aliyun/aliyun-dysms-php-sdk-lite/Aliyun/DySDKLite/SignatureHelper.php===>转换完毕
/root/test/phpok/extension/aliyun/aliyun-php-sdk-core/AcsRequest.php===>转换完毕
/root/test/phpok/extension/aliyun/aliyun-php-sdk-core/AcsResponse.php===>转换完毕
/root/test/phpok/extension/aliyun/aliyun-php-sdk-core/Auth/Credential.php===>转换完毕
/root/test/phpok/extension/aliyun/aliyun-php-sdk-core/Auth/ISigner.php===>转换完毕
/root/test/phpok/extension/aliyun/aliyun-php-sdk-core/Auth/ShaHmac1Signer.php===>转换完毕
/root/test/phpok/extension/aliyun/aliyun-php-sdk-core/Auth/ShaHmac256Signer.php===>转换完毕
/root/test/phpok/extension/aliyun/aliyun-php-sdk-core/Autoloader/Autoloader.php===>转换完毕
/root/test/phpok/extension/aliyun/aliyun-php-sdk-core/Config.php===>转换完毕
/root/test/phpok/extension/aliyun/aliyun-php-sdk-core/DefaultAcsClient.php===>转换完毕
/root/test/phpok/extension/aliyun/aliyun-php-sdk-core/Exception/ClientException.php===>转换完毕
/root/test/phpok/extension/aliyun/aliyun-php-sdk-core/Exception/ServerException.php===>转换完毕
/root/test/phpok/extension/aliyun/aliyun-php-sdk-core/Http/HttpHelper.php===>转换完毕
/root/test/phpok/extension/aliyun/aliyun-php-sdk-core/Http/HttpResponse.php===>转换完毕
/root/test/phpok/extension/aliyun/aliyun-php-sdk-core/IAcsClient.php===>转换完毕
/root/test/phpok/extension/aliyun/aliyun-php-sdk-core/Profile/DefaultProfile.php===>转换完毕
/root/test/phpok/extension/aliyun/aliyun-php-sdk-core/Profile/IClientProfile.php===>转换完毕
/root/test/phpok/extension/aliyun/aliyun-php-sdk-core/Regions/Endpoint.php===>转换完毕
/root/test/phpok/extension/aliyun/aliyun-php-sdk-core/Regions/EndpointConfig.php===>转换完毕
/root/test/phpok/extension/aliyun/aliyun-php-sdk-core/Regions/EndpointProvider.php===>转换完毕
/root/test/phpok/extension/aliyun/aliyun-php-sdk-core/Regions/LocationService.php===>转换完毕
/root/test/phpok/extension/aliyun/aliyun-php-sdk-core/Regions/ProductDomain.php===>转换完毕
/root/test/phpok/extension/aliyun/aliyun-php-sdk-core/Regions/endpoints.xml===>转换完毕
/root/test/phpok/extension/aliyun/aliyun-php-sdk-core/RoaAcsRequest.php===>转换完毕
/root/test/phpok/extension/aliyun/aliyun-php-sdk-core/RpcAcsRequest.php===>转换完毕
/root/test/phpok/extension/aliyun/aliyun-php-sdk-core/UnitTest/Auth/CredentialTest.php===>转换完毕
/root/test/phpok/extension/aliyun/aliyun-php-sdk-core/UnitTest/Auth/ShaHmac1SignerTest.php===>转换完毕
/root/test/phpok/extension/aliyun/aliyun-php-sdk-core/UnitTest/Auth/ShaHmac256SignerTest.php===>转换完毕
/root/test/phpok/extension/aliyun/aliyun-php-sdk-core/UnitTest/BaseTest.php===>转换完毕
/root/test/phpok/extension/aliyun/aliyun-php-sdk-core/UnitTest/BatchCompute/ListImagesRequest.php===>转换完毕
/root/test/phpok/extension/aliyun/aliyun-php-sdk-core/UnitTest/DefaultAcsClientTest.php===>转换完毕
/root/test/phpok/extension/aliyun/aliyun-php-sdk-core/UnitTest/Ecs/Rquest/DescribeRegionsRequest.php===>转换完毕
/root/test/phpok/extension/aliyun/aliyun-php-sdk-core/UnitTest/Http/HttpHelperTest.php===>转换完毕
/root/test/phpok/extension/aliyun/aliyun-php-sdk-core/UnitTest/Profile/DefaultProfileTest.php===>转换完毕
/root/test/phpok/extension/aliyun/aliyun-php-sdk-core/UnitTest/Regions/EndPointByLocationTest.php===>转换完毕
/root/test/phpok/extension/aliyun/aliyun-php-sdk-core/UnitTest/Regions/EndpointProviderTest.php===>转换完毕
/root/test/phpok/extension/aliyun/aliyun-php-sdk-dm/Dm/Request/V20151123/BatchSendMailRequest.php===>转换完毕
/root/test/phpok/extension/aliyun/aliyun-php-sdk-dm/Dm/Request/V20151123/SingleSendMailRequest.php===>转换完毕
/root/test/phpok/extension/aliyun/aliyun-php-sdk-dm/Dm/Request/V20151123/SingleSendSmsRequest.php===>转换完毕
/root/test/phpok/extension/aliyun/aliyun-php-sdk-vod/vod/Request/V20170321/AddCategoryRequest.php===>转换完毕
/root/test/phpok/extension/aliyun/aliyun-php-sdk-vod/vod/Request/V20170321/CreateUploadImageRequest.php===>转换完毕
/root/test/phpok/extension/aliyun/aliyun-php-sdk-vod/vod/Request/V20170321/CreateUploadVideoRequest.php===>转换完毕
/root/test/phpok/extension/aliyun/aliyun-php-sdk-vod/vod/Request/V20170321/DeleteCategoryRequest.php===>转换完毕
/root/test/phpok/extension/aliyun/aliyun-php-sdk-vod/vod/Request/V20170321/DeleteVideoRequest.php===>转换完毕
/root/test/phpok/extension/aliyun/aliyun-php-sdk-vod/vod/Request/V20170321/GetCDNStatisSumRequest.php===>转换完毕
/root/test/phpok/extension/aliyun/aliyun-php-sdk-vod/vod/Request/V20170321/GetCategoriesRequest.php===>转换完毕
/root/test/phpok/extension/aliyun/aliyun-php-sdk-vod/vod/Request/V20170321/GetMessageCallbackRequest.php===>转换完毕
/root/test/phpok/extension/aliyun/aliyun-php-sdk-vod/vod/Request/V20170321/GetOSSStatisRequest.php===>转换完毕
/root/test/phpok/extension/aliyun/aliyun-php-sdk-vod/vod/Request/V20170321/GetPlayInfoRequest.php===>转换完毕
/root/test/phpok/extension/aliyun/aliyun-php-sdk-vod/vod/Request/V20170321/GetVideoConfigRequest.php===>转换完毕
/root/test/phpok/extension/aliyun/aliyun-php-sdk-vod/vod/Request/V20170321/GetVideoInfoRequest.php===>转换完毕
/root/test/phpok/extension/aliyun/aliyun-php-sdk-vod/vod/Request/V20170321/GetVideoListRequest.php===>转换完毕
/root/test/phpok/extension/aliyun/aliyun-php-sdk-vod/vod/Request/V20170321/GetVideoPlayAuthRequest.php===>转换完毕
/root/test/phpok/extension/aliyun/aliyun-php-sdk-vod/vod/Request/V20170321/GetVideoPlayInfoRequest.php===>转换完毕
/root/test/phpok/extension/aliyun/aliyun-php-sdk-vod/vod/Request/V20170321/ListAIVideoCoverJobRequest.php===>转换完毕
/root/test/phpok/extension/aliyun/aliyun-php-sdk-vod/vod/Request/V20170321/ListAIVideoPornRecogJobRequest.php===>转换完毕
/root/test/phpok/extension/aliyun/aliyun-php-sdk-vod/vod/Request/V20170321/RefreshUploadVideoRequest.php===>转换完毕
/root/test/phpok/extension/aliyun/aliyun-php-sdk-vod/vod/Request/V20170321/SetMessageCallbackRequest.php===>转换完毕
/root/test/phpok/extension/aliyun/aliyun-php-sdk-vod/vod/Request/V20170321/SubmitAIVideoCoverJobRequest.php===>转换完毕
/root/test/phpok/extension/aliyun/aliyun-php-sdk-vod/vod/Request/V20170321/SubmitAIVideoPornRecogJobRequest.php===>转换完毕
/root/test/phpok/extension/aliyun/aliyun-php-sdk-vod/vod/Request/V20170321/UpdateCategoryRequest.php===>转换完毕
/root/test/phpok/extension/aliyun/aliyun-php-sdk-vod/vod/Request/V20170321/UpdateVideoInfoRequest.php===>转换完毕
/root/test/phpok/extension/aliyun/index.php===>转换完毕
/root/test/phpok/extension/mobile/Mobile_Detect.php===>转换完毕
/root/test/phpok/extension/pomo/entry.php===>转换完毕
/root/test/phpok/extension/pomo/mo.php===>转换完毕
/root/test/phpok/extension/pomo/po.php===>转换完毕
/root/test/phpok/extension/pomo/streams.php===>转换完毕
/root/test/phpok/extension/pomo/translations.php===>转换完毕
/root/test/phpok/extension/qiniu/autoload.php===>转换完毕
/root/test/phpok/extension/qiniu/index.php===>转换完毕
/root/test/phpok/extension/qiniu/src/Qiniu/Auth.php===>转换完毕
/root/test/phpok/extension/qiniu/src/Qiniu/Cdn/CdnManager.php===>转换完毕
/root/test/phpok/extension/qiniu/src/Qiniu/Config.php===>转换完毕
/root/test/phpok/extension/qiniu/src/Qiniu/Etag.php===>转换完毕
/root/test/phpok/extension/qiniu/src/Qiniu/Http/Client.php===>转换完毕
/root/test/phpok/extension/qiniu/src/Qiniu/Http/Error.php===>转换完毕
/root/test/phpok/extension/qiniu/src/Qiniu/Http/Request.php===>转换完毕
/root/test/phpok/extension/qiniu/src/Qiniu/Http/Response.php===>转换完毕
/root/test/phpok/extension/qiniu/src/Qiniu/Processing/ImageUrlBuilder.php===>转换完毕
/root/test/phpok/extension/qiniu/src/Qiniu/Processing/Operation.php===>转换完毕
/root/test/phpok/extension/qiniu/src/Qiniu/Processing/PersistentFop.php===>转换完毕
/root/test/phpok/extension/qiniu/src/Qiniu/Rtc/AppClient.php===>转换完毕
/root/test/phpok/extension/qiniu/src/Qiniu/Storage/ArgusManager.php===>转换完毕
/root/test/phpok/extension/qiniu/src/Qiniu/Storage/BucketManager.php===>转换完毕
/root/test/phpok/extension/qiniu/src/Qiniu/Storage/FormUploader.php===>转换完毕
/root/test/phpok/extension/qiniu/src/Qiniu/Storage/ResumeUploader.php===>转换完毕
/root/test/phpok/extension/qiniu/src/Qiniu/Storage/UploadManager.php===>转换完毕
/root/test/phpok/extension/qiniu/src/Qiniu/Zone.php===>转换完毕
/root/test/phpok/extension/qiniu/src/Qiniu/functions.php===>转换完毕
/root/test/phpok/extension/sendcloud/SendCloud.php===>转换完毕
/root/test/phpok/extension/sendcloud/SendCloudSMS.php===>转换完毕
/root/test/phpok/extension/sendcloud/index.php===>转换完毕
/root/test/phpok/extension/sendcloud/util/HttpClient.php===>转换完毕
/root/test/phpok/extension/sendcloud/util/Mail.php===>转换完毕
/root/test/phpok/extension/sendcloud/util/Mimetypes.php===>转换完毕
/root/test/phpok/extension/sendcloud/util/Response.php===>转换完毕
/root/test/phpok/extension/sendcloud/util/SMS.php===>转换完毕
/root/test/phpok/extension/weixin.php===>转换完毕
/root/test/phpok/framework/admin/address_control.php===>转换完毕
/root/test/phpok/framework/admin/admin_control.php===>转换完毕
/root/test/phpok/framework/admin/all_control.php===>转换完毕
/root/test/phpok/framework/admin/appsys_control.php===>转换完毕
/root/test/phpok/framework/admin/auto_control.php===>转换完毕
/root/test/phpok/framework/admin/book_control.php===>转换完毕
/root/test/phpok/framework/admin/call_control.php===>转换完毕
/root/test/phpok/framework/admin/cate_control.php===>转换完毕
/root/test/phpok/framework/admin/ckeditor_control.php===>转换完毕
/root/test/phpok/framework/admin/config.inc.php===>转换完毕
/root/test/phpok/framework/admin/currency_control.php===>转换完毕
/root/test/phpok/framework/admin/design_control.php===>转换完毕
/root/test/phpok/framework/admin/email_control.php===>转换完毕
/root/test/phpok/framework/admin/express_control.php===>转换完毕
/root/test/phpok/framework/admin/ext_control.php===>转换完毕
/root/test/phpok/framework/admin/fields_control.php===>转换完毕
/root/test/phpok/framework/admin/form_control.php===>转换完毕
/root/test/phpok/framework/admin/freight_control.php===>转换完毕
/root/test/phpok/framework/admin/gateway_control.php===>转换完毕
/root/test/phpok/framework/admin/gd_control.php===>转换完毕
/root/test/phpok/framework/admin/global.func.php===>转换完毕
/root/test/phpok/framework/admin/index_control.php===>转换完毕
/root/test/phpok/framework/admin/list_control.php===>转换完毕
/root/test/phpok/framework/admin/log_control.php===>转换完毕
/root/test/phpok/framework/admin/login_control.php===>转换完毕
/root/test/phpok/framework/admin/logout_control.php===>转换完毕
/root/test/phpok/framework/admin/me_control.php===>转换完毕
/root/test/phpok/framework/admin/module_control.php===>转换完毕
/root/test/phpok/framework/admin/newmodule_control.php===>转换完毕
/root/test/phpok/framework/admin/newproject_control.php===>转换完毕
/root/test/phpok/framework/admin/newtag_control.php===>转换完毕
/root/test/phpok/framework/admin/open_control.php===>转换完毕
/root/test/phpok/framework/admin/opt_control.php===>转换完毕
/root/test/phpok/framework/admin/options_control.php===>转换完毕
/root/test/phpok/framework/admin/order_control.php===>转换完毕
/root/test/phpok/framework/admin/payment_control.php===>转换完毕
/root/test/phpok/framework/admin/plugin_control.php===>转换完毕
/root/test/phpok/framework/admin/project_control.php===>转换完毕
/root/test/phpok/framework/admin/reply_control.php===>转换完毕
/root/test/phpok/framework/admin/report_control.php===>转换完毕
/root/test/phpok/framework/admin/res_action_control.php===>转换完毕
/root/test/phpok/framework/admin/res_control.php===>转换完毕
/root/test/phpok/framework/admin/rescate_control.php===>转换完毕
/root/test/phpok/framework/admin/rewrite_control.php===>转换完毕
/root/test/phpok/framework/admin/site_control.php===>转换完毕
/root/test/phpok/framework/admin/sql_control.php===>转换完毕
/root/test/phpok/framework/admin/system_control.php===>转换完毕
/root/test/phpok/framework/admin/tag_control.php===>转换完毕
/root/test/phpok/framework/admin/task_control.php===>转换完毕
/root/test/phpok/framework/admin/tpl_control.php===>转换完毕
/root/test/phpok/framework/admin/ueditor_control.php===>转换完毕
/root/test/phpok/framework/admin/ulang_control.php===>转换完毕
/root/test/phpok/framework/admin/update_control.php===>转换完毕
/root/test/phpok/framework/admin/upload_control.php===>转换完毕
/root/test/phpok/framework/admin/user_control.php===>转换完毕
/root/test/phpok/framework/admin/usergroup_control.php===>转换完毕
/root/test/phpok/framework/admin/wealth_control.php===>转换完毕
/root/test/phpok/framework/admin/workflow_control.php===>转换完毕
/root/test/phpok/framework/admin.form.js===>转换完毕
/root/test/phpok/framework/ajax_control.php===>转换完毕
/root/test/phpok/framework/api/address_control.php===>转换完毕
/root/test/phpok/framework/api/call_control.php===>转换完毕
/root/test/phpok/framework/api/cart_control.php===>转换完毕
/root/test/phpok/framework/api/check_control.php===>转换完毕
/root/test/phpok/framework/api/comment_control.php===>转换完毕
/root/test/phpok/framework/api/content_control.php===>转换完毕
/root/test/phpok/framework/api/email_control.php===>转换完毕
/root/test/phpok/framework/api/express_control.php===>转换完毕
/root/test/phpok/framework/api/gateway_control.php===>转换完毕
/root/test/phpok/framework/api/index_control.php===>转换完毕
/root/test/phpok/framework/api/login_control.php===>转换完毕
/root/test/phpok/framework/api/logout_control.php===>转换完毕
/root/test/phpok/framework/api/opt_control.php===>转换完毕
/root/test/phpok/framework/api/order_control.php===>转换完毕
/root/test/phpok/framework/api/payment_control.php===>转换完毕
/root/test/phpok/framework/api/plugin_control.php===>转换完毕
/root/test/phpok/framework/api/post_control.php===>转换完毕
/root/test/phpok/framework/api/project_control.php===>转换完毕
/root/test/phpok/framework/api/register_control.php===>转换完毕
/root/test/phpok/framework/api/res_control.php===>转换完毕
/root/test/phpok/framework/api/sms_control.php===>转换完毕
/root/test/phpok/framework/api/task_control.php===>转换完毕
/root/test/phpok/framework/api/upload_control.php===>转换完毕
/root/test/phpok/framework/api/usercp_control.php===>转换完毕
/root/test/phpok/framework/api/vcode_control.php===>转换完毕
/root/test/phpok/framework/engine/cache/memcache.php===>转换完毕
/root/test/phpok/framework/engine/cache/redis.php===>转换完毕
/root/test/phpok/framework/engine/cache.php===>转换完毕
/root/test/phpok/framework/engine/db/mysqli.php===>转换完毕
/root/test/phpok/framework/engine/db/pdo_mssql.php===>转换完毕
/root/test/phpok/framework/engine/db/pdo_mysql.php===>转换完毕
/root/test/phpok/framework/engine/db/sqlite.php===>转换完毕
/root/test/phpok/framework/engine/db.php===>转换完毕
/root/test/phpok/framework/engine/session/default.php===>转换完毕
/root/test/phpok/framework/engine/session/memcache.php===>转换完毕
/root/test/phpok/framework/engine/session.php===>转换完毕
/root/test/phpok/framework/form/checkbox_form.php===>转换完毕
/root/test/phpok/framework/form/ckeditor_form.php===>转换完毕
/root/test/phpok/framework/form/code_editor_form.php===>转换完毕
/root/test/phpok/framework/form/editor_form.php===>转换完毕
/root/test/phpok/framework/form/extitle_form.php===>转换完毕
/root/test/phpok/framework/form/html/checkbox_admin.html===>转换完毕
/root/test/phpok/framework/form/html/ckeditor_admin.html===>转换完毕
/root/test/phpok/framework/form/html/ckeditor_admin_tpl.html===>转换完毕
/root/test/phpok/framework/form/html/code_admin.html===>转换完毕
/root/test/phpok/framework/form/html/code_admin_tpl.html===>转换完毕
/root/test/phpok/framework/form/html/editor_admin.html===>转换完毕
/root/test/phpok/framework/form/html/editor_admin_tpl.html===>转换完毕
/root/test/phpok/framework/form/html/editor_www_tpl.html===>转换完毕
/root/test/phpok/framework/form/html/extitle_admin.html===>转换完毕
/root/test/phpok/framework/form/html/extitle_admin_tpl.html===>转换完毕
/root/test/phpok/framework/form/html/extitle_admin_tpl_list.html===>转换完毕
/root/test/phpok/framework/form/html/param_admin.html===>转换完毕
/root/test/phpok/framework/form/html/param_admin_tpl.html===>转换完毕
/root/test/phpok/framework/form/html/password_admin.html===>转换完毕
/root/test/phpok/framework/form/html/password_admin_tpl.html===>转换完毕
/root/test/phpok/framework/form/html/pca_admin.html===>转换完毕
/root/test/phpok/framework/form/html/pca_admin_tpl.html===>转换完毕
/root/test/phpok/framework/form/html/pca_www_tpl.html===>转换完毕
/root/test/phpok/framework/form/html/productattr_admin.html===>转换完毕
/root/test/phpok/framework/form/html/radio_admin.html===>转换完毕
/root/test/phpok/framework/form/html/radio_admin_tpl.html===>转换完毕
/root/test/phpok/framework/form/html/radio_www_tpl.html===>转换完毕
/root/test/phpok/framework/form/html/related_admin.html===>转换完毕
/root/test/phpok/framework/form/html/select_admin.html===>转换完毕
/root/test/phpok/framework/form/html/select_admin_tpl.html===>转换完毕
/root/test/phpok/framework/form/html/select_www_tpl.html===>转换完毕
/root/test/phpok/framework/form/html/text_admin.html===>转换完毕
/root/test/phpok/framework/form/html/text_admin_tpl.html===>转换完毕
/root/test/phpok/framework/form/html/text_www_tpl.html===>转换完毕
/root/test/phpok/framework/form/html/textarea_admin.html===>转换完毕
/root/test/phpok/framework/form/html/title_admin.html===>转换完毕
/root/test/phpok/framework/form/html/title_admin_tpl.html===>转换完毕
/root/test/phpok/framework/form/html/upload_admin.html===>转换完毕
/root/test/phpok/framework/form/html/upload_admin_tpl.html===>转换完毕
/root/test/phpok/framework/form/html/upload_www_tpl.html===>转换完毕
/root/test/phpok/framework/form/html/url_admin.html===>转换完毕
/root/test/phpok/framework/form/html/url_admin_tpl.html===>转换完毕
/root/test/phpok/framework/form/html/user_admin.html===>转换完毕
/root/test/phpok/framework/form/html/user_admin_tpl.html===>转换完毕
/root/test/phpok/framework/form/param_form.php===>转换完毕
/root/test/phpok/framework/form/password_form.php===>转换完毕
/root/test/phpok/framework/form/pca_form.php===>转换完毕
/root/test/phpok/framework/form/productattr_form.php===>转换完毕
/root/test/phpok/framework/form/radio_form.php===>转换完毕
/root/test/phpok/framework/form/select_form.php===>转换完毕
/root/test/phpok/framework/form/text_form.php===>转换完毕
/root/test/phpok/framework/form/textarea_form.php===>转换完毕
/root/test/phpok/framework/form/title_form.php===>转换完毕
/root/test/phpok/framework/form/upload_form.php===>转换完毕
/root/test/phpok/framework/form/url_form.php===>转换完毕
/root/test/phpok/framework/form/user_form.php===>转换完毕
/root/test/phpok/framework/form.js===>转换完毕
/root/test/phpok/framework/init.php===>转换完毕
/root/test/phpok/framework/inp_control.php===>转换完毕
/root/test/phpok/framework/js/admin.address.js===>转换完毕
/root/test/phpok/framework/js/admin.admin.js===>转换完毕
/root/test/phpok/framework/js/admin.all-setting.js===>转换完毕
/root/test/phpok/framework/js/admin.all-vcode.js===>转换完毕
/root/test/phpok/framework/js/admin.all.js===>转换完毕
/root/test/phpok/framework/js/admin.appsys.js===>转换完毕
/root/test/phpok/framework/js/admin.book-action.js===>转换完毕
/root/test/phpok/framework/js/admin.book-edit.js===>转换完毕
/root/test/phpok/framework/js/admin.book-index.js===>转换完毕
/root/test/phpok/framework/js/admin.book.js===>转换完毕
/root/test/phpok/framework/js/admin.call.js===>转换完毕
/root/test/phpok/framework/js/admin.cate.js===>转换完毕
/root/test/phpok/framework/js/admin.currency.js===>转换完毕
/root/test/phpok/framework/js/admin.fields.js===>转换完毕
/root/test/phpok/framework/js/admin.form.js===>转换完毕
/root/test/phpok/framework/js/admin.freight-zone.js===>转换完毕
/root/test/phpok/framework/js/admin.freight-zone_setting.js===>转换完毕
/root/test/phpok/framework/js/admin.freight.js===>转换完毕
/root/test/phpok/framework/js/admin.gateway.js===>转换完毕
/root/test/phpok/framework/js/admin.gd.js===>转换完毕
/root/test/phpok/framework/js/admin.index-homepage.js===>转换完毕
/root/test/phpok/framework/js/admin.index.js===>转换完毕
/root/test/phpok/framework/js/admin.list-action.js===>转换完毕
/root/test/phpok/framework/js/admin.list-edit.js===>转换完毕
/root/test/phpok/framework/js/admin.list-index.js===>转换完毕
/root/test/phpok/framework/js/admin.list.js===>转换完毕
/root/test/phpok/framework/js/admin.log.js===>转换完毕
/root/test/phpok/framework/js/admin.login-layer.js===>转换完毕
/root/test/phpok/framework/js/admin.login.js===>转换完毕
/root/test/phpok/framework/js/admin.me.js===>转换完毕
/root/test/phpok/framework/js/admin.module.js===>转换完毕
/root/test/phpok/framework/js/admin.newmodule.js===>转换完毕
/root/test/phpok/framework/js/admin.newproject-icolist.js===>转换完毕
/root/test/phpok/framework/js/admin.newproject-index.js===>转换完毕
/root/test/phpok/framework/js/admin.newproject-set.js===>转换完毕
/root/test/phpok/framework/js/admin.newproject.js===>转换完毕
/root/test/phpok/framework/js/admin.newtag.js===>转换完毕
/root/test/phpok/framework/js/admin.opt.js===>转换完毕
/root/test/phpok/framework/js/admin.options.js===>转换完毕
/root/test/phpok/framework/js/admin.order-express.js===>转换完毕
/root/test/phpok/framework/js/admin.order-payment.js===>转换完毕
/root/test/phpok/framework/js/admin.order-product_set.js===>转换完毕
/root/test/phpok/framework/js/admin.order-set.js===>转换完毕
/root/test/phpok/framework/js/admin.order.js===>转换完毕
/root/test/phpok/framework/js/admin.payment.js===>转换完毕
/root/test/phpok/framework/js/admin.plugin.js===>转换完毕
/root/test/phpok/framework/js/admin.project-icolist.js===>转换完毕
/root/test/phpok/framework/js/admin.project-index.js===>转换完毕
/root/test/phpok/framework/js/admin.project-set.js===>转换完毕
/root/test/phpok/framework/js/admin.project.js===>转换完毕
/root/test/phpok/framework/js/admin.reply.js===>转换完毕
/root/test/phpok/framework/js/admin.report.js===>转换完毕
/root/test/phpok/framework/js/admin.res.js===>转换完毕
/root/test/phpok/framework/js/admin.rescate-set.js===>转换完毕
/root/test/phpok/framework/js/admin.rescate.js===>转换完毕
/root/test/phpok/framework/js/admin.rewrite.js===>转换完毕
/root/test/phpok/framework/js/admin.site.js===>转换完毕
/root/test/phpok/framework/js/admin.sql.js===>转换完毕
/root/test/phpok/framework/js/admin.system-set.js===>转换完毕
/root/test/phpok/framework/js/admin.system.js===>转换完毕
/root/test/phpok/framework/js/admin.tag.js===>转换完毕
/root/test/phpok/framework/js/admin.tpl.js===>转换完毕
/root/test/phpok/framework/js/admin.update-index.js===>转换完毕
/root/test/phpok/framework/js/admin.update-main.js===>转换完毕
/root/test/phpok/framework/js/admin.upload.js===>转换完毕
/root/test/phpok/framework/js/admin.user-set.js===>转换完毕
/root/test/phpok/framework/js/admin.user.js===>转换完毕
/root/test/phpok/framework/js/admin.usergroup-set.js===>转换完毕
/root/test/phpok/framework/js/admin.usergroup.js===>转换完毕
/root/test/phpok/framework/js/all.js===>转换完毕
/root/test/phpok/framework/js/cate.js===>转换完毕
/root/test/phpok/framework/js/fields.js===>转换完毕
/root/test/phpok/framework/js/global.admin.js===>转换完毕
/root/test/phpok/framework/js/global.js===>转换完毕
/root/test/phpok/framework/js/global.www.js===>转换完毕
/root/test/phpok/framework/js/jquery.phpok.js===>转换完毕
/root/test/phpok/framework/js/jquery.plugin.js===>转换完毕
/root/test/phpok/framework/js/list.js===>转换完毕
/root/test/phpok/framework/js/payment.js===>转换完毕
/root/test/phpok/framework/js/rewrite.js===>转换完毕
/root/test/phpok/framework/js/sysmenu.js===>转换完毕
/root/test/phpok/framework/js/user.js===>转换完毕
/root/test/phpok/framework/js/userfields.js===>转换完毕
/root/test/phpok/framework/js_control.php===>转换完毕
/root/test/phpok/framework/language.php===>转换完毕
/root/test/phpok/framework/libs/async.php===>转换完毕
/root/test/phpok/framework/libs/common.php===>转换完毕
/root/test/phpok/framework/libs/cookie.php===>转换完毕
/root/test/phpok/framework/libs/curl.php===>转换完毕
/root/test/phpok/framework/libs/debug.php===>转换完毕
/root/test/phpok/framework/libs/email.php===>转换完毕
/root/test/phpok/framework/libs/excel.php===>转换完毕
/root/test/phpok/framework/libs/ext.php===>转换完毕
/root/test/phpok/framework/libs/file.php===>转换完毕
/root/test/phpok/framework/libs/form.php===>转换完毕
/root/test/phpok/framework/libs/ftp.php===>转换完毕
/root/test/phpok/framework/libs/gd.php===>转换完毕
/root/test/phpok/framework/libs/html.php===>转换完毕
/root/test/phpok/framework/libs/json.php===>转换完毕
/root/test/phpok/framework/libs/keycode.php===>转换完毕
/root/test/phpok/framework/libs/mobile.php===>转换完毕
/root/test/phpok/framework/libs/page.php===>转换完毕
/root/test/phpok/framework/libs/phpzip.php===>转换完毕
/root/test/phpok/framework/libs/server.php===>转换完毕
/root/test/phpok/framework/libs/session.php===>转换完毕
/root/test/phpok/framework/libs/string.php===>转换完毕
/root/test/phpok/framework/libs/swfupload.php===>转换完毕
/root/test/phpok/framework/libs/token.php===>转换完毕
/root/test/phpok/framework/libs/trans.php===>转换完毕
/root/test/phpok/framework/libs/ubb.php===>转换完毕
/root/test/phpok/framework/libs/upload.php===>转换完毕
/root/test/phpok/framework/libs/vcode.php===>转换完毕
/root/test/phpok/framework/libs/video_url.php===>转换完毕
/root/test/phpok/framework/libs/xml.php===>转换完毕
/root/test/phpok/framework/model/address.php===>转换完毕
/root/test/phpok/framework/model/admin/admin_model.php===>转换完毕
/root/test/phpok/framework/model/admin/call_model.php===>转换完毕
/root/test/phpok/framework/model/admin/cate_model.php===>转换完毕
/root/test/phpok/framework/model/admin/express_model.php===>转换完毕
/root/test/phpok/framework/model/admin/ext_model.php===>转换完毕
/root/test/phpok/framework/model/admin/fields_model.php===>转换完毕
/root/test/phpok/framework/model/admin/freight_model.php===>转换完毕
/root/test/phpok/framework/model/admin/gateway_model.php===>转换完毕
/root/test/phpok/framework/model/admin/gd_model.php===>转换完毕
/root/test/phpok/framework/model/admin/html_model.php===>转换完毕
/root/test/phpok/framework/model/admin/list_model.php===>转换完毕
/root/test/phpok/framework/model/admin/log_model.php===>转换完毕
/root/test/phpok/framework/model/admin/module_model.php===>转换完毕
/root/test/phpok/framework/model/admin/opt_model.php===>转换完毕
/root/test/phpok/framework/model/admin/options_model.php===>转换完毕
/root/test/phpok/framework/model/admin/order_model.php===>转换完毕
/root/test/phpok/framework/model/admin/payment_model.php===>转换完毕
/root/test/phpok/framework/model/admin/plugin_model.php===>转换完毕
/root/test/phpok/framework/model/admin/popedom_model.php===>转换完毕
/root/test/phpok/framework/model/admin/project_model.php===>转换完毕
/root/test/phpok/framework/model/admin/reply_model.php===>转换完毕
/root/test/phpok/framework/model/admin/rescate_model.php===>转换完毕
/root/test/phpok/framework/model/admin/rewrite_model.php===>转换完毕
/root/test/phpok/framework/model/admin/setting_model.php===>转换完毕
/root/test/phpok/framework/model/admin/site_model.php===>转换完毕
/root/test/phpok/framework/model/admin/sql_model.php===>转换完毕
/root/test/phpok/framework/model/admin/sysmenu_model.php===>转换完毕
/root/test/phpok/framework/model/admin/tag_model.php===>转换完毕
/root/test/phpok/framework/model/admin/task_model.php===>转换完毕
/root/test/phpok/framework/model/admin/url_model.php===>转换完毕
/root/test/phpok/framework/model/admin/user_model.php===>转换完毕
/root/test/phpok/framework/model/admin/wealth_model.php===>转换完毕
/root/test/phpok/framework/model/admin.php===>转换完毕
/root/test/phpok/framework/model/api/admin_model.php===>转换完毕
/root/test/phpok/framework/model/api/order_model.php===>转换完毕
/root/test/phpok/framework/model/api/payment_model.php===>转换完毕
/root/test/phpok/framework/model/api/popedom_model.php===>转换完毕
/root/test/phpok/framework/model/api/reply_model.php===>转换完毕
/root/test/phpok/framework/model/api/site_model.php===>转换完毕
/root/test/phpok/framework/model/api/user_model.php===>转换完毕
/root/test/phpok/framework/model/api/usergroup_model.php===>转换完毕
/root/test/phpok/framework/model/appsys.php===>转换完毕
/root/test/phpok/framework/model/biz.php===>转换完毕
/root/test/phpok/framework/model/call.php===>转换完毕
/root/test/phpok/framework/model/cart.php===>转换完毕
/root/test/phpok/framework/model/cate.php===>转换完毕
/root/test/phpok/framework/model/config.php===>转换完毕
/root/test/phpok/framework/model/content.php===>转换完毕
/root/test/phpok/framework/model/currency.php===>转换完毕
/root/test/phpok/framework/model/data.php===>转换完毕
/root/test/phpok/framework/model/email.php===>转换完毕
/root/test/phpok/framework/model/express.php===>转换完毕
/root/test/phpok/framework/model/ext.php===>转换完毕
/root/test/phpok/framework/model/fields.php===>转换完毕
/root/test/phpok/framework/model/form.php===>转换完毕
/root/test/phpok/framework/model/freight.php===>转换完毕
/root/test/phpok/framework/model/gateway.php===>转换完毕
/root/test/phpok/framework/model/gd.php===>转换完毕
/root/test/phpok/framework/model/html.php===>转换完毕
/root/test/phpok/framework/model/id.php===>转换完毕
/root/test/phpok/framework/model/input.php===>转换完毕
/root/test/phpok/framework/model/lang.php===>转换完毕
/root/test/phpok/framework/model/list.php===>转换完毕
/root/test/phpok/framework/model/log.php===>转换完毕
/root/test/phpok/framework/model/menu.php===>转换完毕
/root/test/phpok/framework/model/module.php===>转换完毕
/root/test/phpok/framework/model/opt.php===>转换完毕
/root/test/phpok/framework/model/options.php===>转换完毕
/root/test/phpok/framework/model/order.php===>转换完毕
/root/test/phpok/framework/model/payment.php===>转换完毕
/root/test/phpok/framework/model/plugin.php===>转换完毕
/root/test/phpok/framework/model/popedom.php===>转换完毕
/root/test/phpok/framework/model/project.php===>转换完毕
/root/test/phpok/framework/model/reply.php===>转换完毕
/root/test/phpok/framework/model/report.php===>转换完毕
/root/test/phpok/framework/model/res.php===>转换完毕
/root/test/phpok/framework/model/rescate.php===>转换完毕
/root/test/phpok/framework/model/rewrite.php===>转换完毕
/root/test/phpok/framework/model/search.php===>转换完毕
/root/test/phpok/framework/model/setting.php===>转换完毕
/root/test/phpok/framework/model/site.php===>转换完毕
/root/test/phpok/framework/model/sql.php===>转换完毕
/root/test/phpok/framework/model/sysmenu.php===>转换完毕
/root/test/phpok/framework/model/tag.php===>转换完毕
/root/test/phpok/framework/model/task.php===>转换完毕
/root/test/phpok/framework/model/temp.php===>转换完毕
/root/test/phpok/framework/model/tpl.php===>转换完毕
/root/test/phpok/framework/model/type.php===>转换完毕
/root/test/phpok/framework/model/url.php===>转换完毕
/root/test/phpok/framework/model/user.php===>转换完毕
/root/test/phpok/framework/model/usergroup.php===>转换完毕
/root/test/phpok/framework/model/vcode.php===>转换完毕
/root/test/phpok/framework/model/wealth.php===>转换完毕
/root/test/phpok/framework/model/www/cate_model.php===>转换完毕
/root/test/phpok/framework/model/www/currency_model.php===>转换完毕
/root/test/phpok/framework/model/www/ext_model.php===>转换完毕
/root/test/phpok/framework/model/www/id_model.php===>转换完毕
/root/test/phpok/framework/model/www/list_model.php===>转换完毕
/root/test/phpok/framework/model/www/module_model.php===>转换完毕
/root/test/phpok/framework/model/www/order_model.php===>转换完毕
/root/test/phpok/framework/model/www/payment_model.php===>转换完毕
/root/test/phpok/framework/model/www/plugin_model.php===>转换完毕
/root/test/phpok/framework/model/www/popedom_model.php===>转换完毕
/root/test/phpok/framework/model/www/site_model.php===>转换完毕
/root/test/phpok/framework/model/www/tag_model.php===>转换完毕
/root/test/phpok/framework/model/www/tpl_model.php===>转换完毕
/root/test/phpok/framework/model/www/user_model.php===>转换完毕
/root/test/phpok/framework/model/www/usergroup_model.php===>转换完毕
/root/test/phpok/framework/open/ckeditor_images.html===>转换完毕
/root/test/phpok/framework/open/res_editopen.html===>转换完毕
/root/test/phpok/framework/open/res_openselect.html===>转换完毕
/root/test/phpok/framework/open/res_openview.html===>转换完毕
/root/test/phpok/framework/phpok_call.php===>转换完毕
/root/test/phpok/framework/phpok_helper.php===>转换完毕
/root/test/phpok/framework/phpok_tpl.php===>转换完毕
/root/test/phpok/framework/phpok_tpl_helper.php===>转换完毕
/root/test/phpok/framework/system.js===>转换完毕
/root/test/phpok/framework/system.xml===>转换完毕
/root/test/phpok/framework/view/address_list.html===>转换完毕
/root/test/phpok/framework/view/address_open.html===>转换完毕
/root/test/phpok/framework/view/address_order.html===>转换完毕
/root/test/phpok/framework/view/address_set.html===>转换完毕
/root/test/phpok/framework/view/admin_list.html===>转换完毕
/root/test/phpok/framework/view/admin_set.html===>转换完毕
/root/test/phpok/framework/view/all_domain.html===>转换完毕
/root/test/phpok/framework/view/all_email.html===>转换完毕
/root/test/phpok/framework/view/all_gset.html===>转换完毕
/root/test/phpok/framework/view/all_index.html===>转换完毕
/root/test/phpok/framework/view/all_set.html===>转换完毕
/root/test/phpok/framework/view/all_setting.html===>转换完毕
/root/test/phpok/framework/view/all_tpl.html===>转换完毕
/root/test/phpok/framework/view/all_vcode.html===>转换完毕
/root/test/phpok/framework/view/appsys_add.html===>转换完毕
/root/test/phpok/framework/view/appsys_backuplist.html===>转换完毕
/root/test/phpok/framework/view/appsys_file_edit.html===>转换完毕
/root/test/phpok/framework/view/appsys_filelist.html===>转换完毕
/root/test/phpok/framework/view/appsys_index.html===>转换完毕
/root/test/phpok/framework/view/appsys_setting.html===>转换完毕
/root/test/phpok/framework/view/appsys_upload.html===>转换完毕
/root/test/phpok/framework/view/book_list_content.html===>转换完毕
/root/test/phpok/framework/view/book_list_edit.html===>转换完毕
/root/test/phpok/framework/view/cate_index.html===>转换完毕
/root/test/phpok/framework/view/cate_open_add.html===>转换完毕
/root/test/phpok/framework/view/cate_set.html===>转换完毕
/root/test/phpok/framework/view/club_right.html===>转换完毕
/root/test/phpok/framework/view/currency_list.html===>转换完毕
/root/test/phpok/framework/view/currency_set.html===>转换完毕
/root/test/phpok/framework/view/edit_file.html===>转换完毕
/root/test/phpok/framework/view/edit_picture.html===>转换完毕
/root/test/phpok/framework/view/edit_swfupload.html===>转换完毕
/root/test/phpok/framework/view/edit_title.html===>转换完毕
/root/test/phpok/framework/view/edit_video.html===>转换完毕
/root/test/phpok/framework/view/email_list.html===>转换完毕
/root/test/phpok/framework/view/email_set.html===>转换完毕
/root/test/phpok/framework/view/express_index.html===>转换完毕
/root/test/phpok/framework/view/express_set.html===>转换完毕
/root/test/phpok/framework/view/ext_add.html===>转换完毕
/root/test/phpok/framework/view/ext_edit.html===>转换完毕
/root/test/phpok/framework/view/ext_float.html===>转换完毕
/root/test/phpok/framework/view/ext_load.html===>转换完毕
/root/test/phpok/framework/view/ext_open_create.html===>转换完毕
/root/test/phpok/framework/view/ext_select.html===>转换完毕
/root/test/phpok/framework/view/field_create.html===>转换完毕
/root/test/phpok/framework/view/fields_index.html===>转换完毕
/root/test/phpok/framework/view/fields_set.html===>转换完毕
/root/test/phpok/framework/view/fields_set_open.html===>转换完毕
/root/test/phpok/framework/view/foot.html===>转换完毕
/root/test/phpok/framework/view/foot_lay.html===>转换完毕
/root/test/phpok/framework/view/foot_open.html===>转换完毕
/root/test/phpok/framework/view/form_quickadd.html===>转换完毕
/root/test/phpok/framework/view/form_quicklist.html===>转换完毕
/root/test/phpok/framework/view/form_quickview.html===>转换完毕
/root/test/phpok/framework/view/freight_index.html===>转换完毕
/root/test/phpok/framework/view/freight_price.html===>转换完毕
/root/test/phpok/framework/view/freight_zone.html===>转换完毕
/root/test/phpok/framework/view/freight_zone_setting.html===>转换完毕
/root/test/phpok/framework/view/gateway_index.html===>转换完毕
/root/test/phpok/framework/view/gateway_set.html===>转换完毕
/root/test/phpok/framework/view/gd_index.html===>转换完毕
/root/test/phpok/framework/view/gd_set.html===>转换完毕
/root/test/phpok/framework/view/head.html===>转换完毕
/root/test/phpok/framework/view/head_lay.html===>转换完毕
/root/test/phpok/framework/view/head_open.html===>转换完毕
/root/test/phpok/framework/view/homepage.html===>转换完毕
/root/test/phpok/framework/view/html_index.html===>转换完毕
/root/test/phpok/framework/view/index.html===>转换完毕
/root/test/phpok/framework/view/index_server_info.html===>转换完毕
/root/test/phpok/framework/view/inp_title.html===>转换完毕
/root/test/phpok/framework/view/js.html===>转换完毕
/root/test/phpok/framework/view/list_comment.html===>转换完毕
/root/test/phpok/framework/view/list_content.html===>转换完毕
/root/test/phpok/framework/view/list_content_new.html===>转换完毕
/root/test/phpok/framework/view/list_edit.html===>转换完毕
/root/test/phpok/framework/view/list_edit2.html===>转换完毕
/root/test/phpok/framework/view/list_edit_new.html===>转换完毕
/root/test/phpok/framework/view/list_index.html===>转换完毕
/root/test/phpok/framework/view/list_option_info.html===>转换完毕
/root/test/phpok/framework/view/list_options_html.html===>转换完毕
/root/test/phpok/framework/view/list_plaction.html===>转换完毕
/root/test/phpok/framework/view/list_project_sublist.html===>转换完毕
/root/test/phpok/framework/view/list_set.html===>转换完毕
/root/test/phpok/framework/view/list_set2.html===>转换完毕
/root/test/phpok/framework/view/list_set2_new.html===>转换完毕
/root/test/phpok/framework/view/list_standalone.html===>转换完毕
/root/test/phpok/framework/view/log_index.html===>转换完毕
/root/test/phpok/framework/view/login-layui.html===>转换完毕
/root/test/phpok/framework/view/login.html===>转换完毕
/root/test/phpok/framework/view/me_password.html===>转换完毕
/root/test/phpok/framework/view/me_setting.html===>转换完毕
/root/test/phpok/framework/view/module_field_create.html===>转换完毕
/root/test/phpok/framework/view/module_field_create_new.html===>转换完毕
/root/test/phpok/framework/view/module_field_set.html===>转换完毕
/root/test/phpok/framework/view/module_field_set_new.html===>转换完毕
/root/test/phpok/framework/view/module_fields.html===>转换完毕
/root/test/phpok/framework/view/module_fields_new.html===>转换完毕
/root/test/phpok/framework/view/module_import.html===>转换完毕
/root/test/phpok/framework/view/module_index.html===>转换完毕
/root/test/phpok/framework/view/module_index_new.html===>转换完毕
/root/test/phpok/framework/view/module_layout.html===>转换完毕
/root/test/phpok/framework/view/module_set.html===>转换完毕
/root/test/phpok/framework/view/module_set_new.html===>转换完毕
/root/test/phpok/framework/view/open_image.html===>转换完毕
/root/test/phpok/framework/view/open_image2.html===>转换完毕
/root/test/phpok/framework/view/open_input.html===>转换完毕
/root/test/phpok/framework/view/open_search_swfupload.html===>转换完毕
/root/test/phpok/framework/view/open_title.html===>转换完毕
/root/test/phpok/framework/view/open_upload.html===>转换完毕
/root/test/phpok/framework/view/open_url.html===>转换完毕
/root/test/phpok/framework/view/open_url_cate.html===>转换完毕
/root/test/phpok/framework/view/open_url_list.html===>转换完毕
/root/test/phpok/framework/view/open_user_list.html===>转换完毕
/root/test/phpok/framework/view/open_user_list2.html===>转换完毕
/root/test/phpok/framework/view/opt_group.html===>转换完毕
/root/test/phpok/framework/view/opt_group_set.html===>转换完毕
/root/test/phpok/framework/view/opt_import.html===>转换完毕
/root/test/phpok/framework/view/opt_list.html===>转换完毕
/root/test/phpok/framework/view/options_index.html===>转换完毕
/root/test/phpok/framework/view/options_list.html===>转换完毕
/root/test/phpok/framework/view/order_express.html===>转换完毕
/root/test/phpok/framework/view/order_info.html===>转换完毕
/root/test/phpok/framework/view/order_list.html===>转换完毕
/root/test/phpok/framework/view/order_payment.html===>转换完毕
/root/test/phpok/framework/view/order_picture.html===>转换完毕
/root/test/phpok/framework/view/order_product_info.html===>转换完毕
/root/test/phpok/framework/view/order_product_set.html===>转换完毕
/root/test/phpok/framework/view/order_prolist.html===>转换完毕
/root/test/phpok/framework/view/order_set.html===>转换完毕
/root/test/phpok/framework/view/pagelist.html===>转换完毕
/root/test/phpok/framework/view/payment_groupset.html===>转换完毕
/root/test/phpok/framework/view/payment_index.html===>转换完毕
/root/test/phpok/framework/view/payment_set.html===>转换完毕
/root/test/phpok/framework/view/phpok_ajax_cate.html===>转换完毕
/root/test/phpok/framework/view/phpok_ajax_fields.html===>转换完毕
/root/test/phpok/framework/view/phpok_ajax_list.html===>转换完毕
/root/test/phpok/framework/view/phpok_ajax_orderby.html===>转换完毕
/root/test/phpok/framework/view/phpok_index.html===>转换完毕
/root/test/phpok/framework/view/phpok_open_fields.html===>转换完毕
/root/test/phpok/framework/view/phpok_set.html===>转换完毕
/root/test/phpok/framework/view/plugin_config.html===>转换完毕
/root/test/phpok/framework/view/plugin_extconfig.html===>转换完毕
/root/test/phpok/framework/view/plugin_icon.html===>转换完毕
/root/test/phpok/framework/view/plugin_index.html===>转换完毕
/root/test/phpok/framework/view/plugin_install.html===>转换完毕
/root/test/phpok/framework/view/plugin_list.html===>转换完毕
/root/test/phpok/framework/view/plugin_setting.html===>转换完毕
/root/test/phpok/framework/view/plugin_upload.html===>转换完毕
/root/test/phpok/framework/view/project_content.html===>转换完毕
/root/test/phpok/framework/view/project_icolist.html===>转换完毕
/root/test/phpok/framework/view/project_import.html===>转换完毕
/root/test/phpok/framework/view/project_index.html===>转换完毕
/root/test/phpok/framework/view/project_index_new.html===>转换完毕
/root/test/phpok/framework/view/project_set.html===>转换完毕
/root/test/phpok/framework/view/project_set_new.html===>转换完毕
/root/test/phpok/framework/view/reply_adm.html===>转换完毕
/root/test/phpok/framework/view/reply_content.html===>转换完毕
/root/test/phpok/framework/view/reply_index.html===>转换完毕
/root/test/phpok/framework/view/report_index.html===>转换完毕
/root/test/phpok/framework/view/res_action_preview.html===>转换完毕
/root/test/phpok/framework/view/res_action_video.html===>转换完毕
/root/test/phpok/framework/view/res_action_view.html===>转换完毕
/root/test/phpok/framework/view/res_add.html===>转换完毕
/root/test/phpok/framework/view/res_editopen.html===>转换完毕
/root/test/phpok/framework/view/res_index.html===>转换完毕
/root/test/phpok/framework/view/res_manage.html===>转换完毕
/root/test/phpok/framework/view/res_openview.html===>转换完毕
/root/test/phpok/framework/view/res_remote_file.html===>转换完毕
/root/test/phpok/framework/view/rescate_index.html===>转换完毕
/root/test/phpok/framework/view/rescate_set.html===>转换完毕
/root/test/phpok/framework/view/rewrite_index.html===>转换完毕
/root/test/phpok/framework/view/rewrite_set.html===>转换完毕
/root/test/phpok/framework/view/site_add.html===>转换完毕
/root/test/phpok/framework/view/site_admin_order_set.html===>转换完毕
/root/test/phpok/framework/view/site_list.html===>转换完毕
/root/test/phpok/framework/view/site_order_status.html===>转换完毕
/root/test/phpok/framework/view/site_order_status_set.html===>转换完毕
/root/test/phpok/framework/view/site_price_status.html===>转换完毕
/root/test/phpok/framework/view/sql_index.html===>转换完毕
/root/test/phpok/framework/view/sql_list.html===>转换完毕
/root/test/phpok/framework/view/sql_show.html===>转换完毕
/root/test/phpok/framework/view/sysmenu_icon.html===>转换完毕
/root/test/phpok/framework/view/sysmenu_index.html===>转换完毕
/root/test/phpok/framework/view/sysmenu_set.html===>转换完毕
/root/test/phpok/framework/view/tag_config.html===>转换完毕
/root/test/phpok/framework/view/tag_index.html===>转换完毕
/root/test/phpok/framework/view/tag_open.html===>转换完毕
/root/test/phpok/framework/view/tag_set.html===>转换完毕
/root/test/phpok/framework/view/task_index.html===>转换完毕
/root/test/phpok/framework/view/tips.html===>转换完毕
/root/test/phpok/framework/view/tips_open.html===>转换完毕
/root/test/phpok/framework/view/tpl_edit.html===>转换完毕
/root/test/phpok/framework/view/tpl_index.html===>转换完毕
/root/test/phpok/framework/view/tpl_list.html===>转换完毕
/root/test/phpok/framework/view/tpl_open.html===>转换完毕
/root/test/phpok/framework/view/tpl_set.html===>转换完毕
/root/test/phpok/framework/view/uedit_attachment.html===>转换完毕
/root/test/phpok/framework/view/update.html===>转换完毕
/root/test/phpok/framework/view/update_index.html===>转换完毕
/root/test/phpok/framework/view/update_set.html===>转换完毕
/root/test/phpok/framework/view/update_zip.html===>转换完毕
/root/test/phpok/framework/view/user_add.html===>转换完毕
/root/test/phpok/framework/view/user_field_set.html===>转换完毕
/root/test/phpok/framework/view/user_fields.html===>转换完毕
/root/test/phpok/framework/view/user_list.html===>转换完毕
/root/test/phpok/framework/view/user_show_setting.html===>转换完毕
/root/test/phpok/framework/view/usergroup_list.html===>转换完毕
/root/test/phpok/framework/view/usergroup_set.html===>转换完毕
/root/test/phpok/framework/view/wealth_action.html===>转换完毕
/root/test/phpok/framework/view/wealth_index.html===>转换完毕
/root/test/phpok/framework/view/wealth_info.html===>转换完毕
/root/test/phpok/framework/view/wealth_log.html===>转换完毕
/root/test/phpok/framework/view/wealth_notcheck.html===>转换完毕
/root/test/phpok/framework/view/wealth_rule.html===>转换完毕
/root/test/phpok/framework/view/wealth_set.html===>转换完毕
/root/test/phpok/framework/www/cart_control.php===>转换完毕
/root/test/phpok/framework/www/comment_control.php===>转换完毕
/root/test/phpok/framework/www/content_control.php===>转换完毕
/root/test/phpok/framework/www/download_control.php===>转换完毕
/root/test/phpok/framework/www/global.func.php===>转换完毕
/root/test/phpok/framework/www/index_control.php===>转换完毕
/root/test/phpok/framework/www/login_control.php===>转换完毕
/root/test/phpok/framework/www/logout_control.php===>转换完毕
/root/test/phpok/framework/www/open_control.php===>转换完毕
/root/test/phpok/framework/www/order_control.php===>转换完毕
/root/test/phpok/framework/www/payment_control.php===>转换完毕
/root/test/phpok/framework/www/plugin_control.php===>转换完毕
/root/test/phpok/framework/www/post_control.php===>转换完毕
/root/test/phpok/framework/www/project_control.php===>转换完毕
/root/test/phpok/framework/www/register_control.php===>转换完毕
/root/test/phpok/framework/www/search_control.php===>转换完毕
/root/test/phpok/framework/www/tag_control.php===>转换完毕
/root/test/phpok/framework/www/ueditor_control.php===>转换完毕
/root/test/phpok/framework/www/upload_control.php===>转换完毕
/root/test/phpok/framework/www/user_control.php===>转换完毕
/root/test/phpok/framework/www/usercp_control.php===>转换完毕
/root/test/phpok/framework/www/userlist_control.php===>转换完毕
/root/test/phpok/gateway/config.xml===>转换完毕
/root/test/phpok/gateway/email/aliyun/config.xml===>转换完毕
/root/test/phpok/gateway/email/aliyun/exec.php===>转换完毕
/root/test/phpok/gateway/email/aliyun/sendemail.php===>转换完毕
/root/test/phpok/gateway/email/class.phpmailer.php===>转换完毕
/root/test/phpok/gateway/email/class.smtp.php===>转换完毕
/root/test/phpok/gateway/email/sendcloud/config.xml===>转换完毕
/root/test/phpok/gateway/email/sendcloud/exec.php===>转换完毕
/root/test/phpok/gateway/email/sendcloud/sendemail.php===>转换完毕
/root/test/phpok/gateway/email/sendemail.html===>转换完毕
/root/test/phpok/gateway/email/smtp/config.xml===>转换完毕
/root/test/phpok/gateway/email/smtp/exec.php===>转换完毕
/root/test/phpok/gateway/email/smtp/sendemail.php===>转换完毕
/root/test/phpok/gateway/express/showapi/config.xml===>转换完毕
/root/test/phpok/gateway/express/showapi/index.php===>转换完毕
/root/test/phpok/gateway/express/zjs/config.xml===>转换完毕
/root/test/phpok/gateway/express/zjs/index.php===>转换完毕
/root/test/phpok/gateway/object-storage/qiniu/btn.html===>转换完毕
/root/test/phpok/gateway/object-storage/qiniu/config.xml===>转换完毕
/root/test/phpok/gateway/object-storage/qiniu/delete.php===>转换完毕
/root/test/phpok/gateway/object-storage/qiniu/exec.php===>转换完毕
/root/test/phpok/gateway/object-storage/qiniu/gd.php===>转换完毕
/root/test/phpok/gateway/object-storage/qiniu/ico.php===>转换完毕
/root/test/phpok/gateway/object-storage/qiniu/success.php===>转换完毕
/root/test/phpok/gateway/object-storage/qiniu/token.php===>转换完毕
/root/test/phpok/gateway/payment/alipay/config.xml===>转换完毕
/root/test/phpok/gateway/payment/alipay/lib/alipay_core.function.php===>转换完毕
/root/test/phpok/gateway/payment/alipay/lib/alipay_md5.function.php===>转换完毕
/root/test/phpok/gateway/payment/alipay/lib/alipay_notify.class.php===>转换完毕
/root/test/phpok/gateway/payment/alipay/lib/alipay_submit.class.php===>转换完毕
/root/test/phpok/gateway/payment/alipay/notice.php===>转换完毕
/root/test/phpok/gateway/payment/alipay/notify.php===>转换完毕
/root/test/phpok/gateway/payment/alipay/notify_url.php===>转换完毕
/root/test/phpok/gateway/payment/alipay/submit.php===>转换完毕
/root/test/phpok/gateway/payment/authorize/authorize.class.php===>转换完毕
/root/test/phpok/gateway/payment/authorize/config.xml===>转换完毕
/root/test/phpok/gateway/payment/authorize/submit.php===>转换完毕
/root/test/phpok/gateway/payment/offlinepay/config.xml===>转换完毕
/root/test/phpok/gateway/payment/offlinepay/submit.php===>转换完毕
/root/test/phpok/gateway/payment/paypal/config.xml===>转换完毕
/root/test/phpok/gateway/payment/paypal/lib/paypal.php===>转换完毕
/root/test/phpok/gateway/payment/paypal/notice.php===>转换完毕
/root/test/phpok/gateway/payment/paypal/notify.php===>转换完毕
/root/test/phpok/gateway/payment/paypal/notify_url.php===>转换完毕
/root/test/phpok/gateway/payment/paypal/submit.php===>转换完毕
/root/test/phpok/gateway/payment/paypalcc/config.xml===>转换完毕
/root/test/phpok/gateway/payment/paypalcc/paypalcc.php===>转换完毕
/root/test/phpok/gateway/payment/paypalcc/submit.php===>转换完毕
/root/test/phpok/gateway/payment/tenpay/config.xml===>转换完毕
/root/test/phpok/gateway/payment/tenpay/notice.php===>转换完毕
/root/test/phpok/gateway/payment/tenpay/notify.php===>转换完毕
/root/test/phpok/gateway/payment/tenpay/notify_url.php===>转换完毕
/root/test/phpok/gateway/payment/tenpay/submit.php===>转换完毕
/root/test/phpok/gateway/payment/tenpay/tenpay.php===>转换完毕
/root/test/phpok/gateway/payment/unionpay/config.xml===>转换完毕
/root/test/phpok/gateway/payment/unionpay/notice.php===>转换完毕
/root/test/phpok/gateway/payment/unionpay/notify.php===>转换完毕
/root/test/phpok/gateway/payment/unionpay/notify_url.php===>转换完毕
/root/test/phpok/gateway/payment/unionpay/submit.php===>转换完毕
/root/test/phpok/gateway/payment/unionpay/unionpay.php===>转换完毕
/root/test/phpok/gateway/payment/wxpay/config.xml===>转换完毕
/root/test/phpok/gateway/payment/wxpay/notify.php===>转换完毕
/root/test/phpok/gateway/payment/wxpay/notify_url.php===>转换完毕
/root/test/phpok/gateway/payment/wxpay/query.php===>转换完毕
/root/test/phpok/gateway/payment/wxpay/submit.php===>转换完毕
/root/test/phpok/gateway/payment/wxpay/wxpay.php===>转换完毕
/root/test/phpok/gateway/payment/yuansfer/config.xml===>转换完毕
/root/test/phpok/gateway/payment/yuansfer/notice.php===>转换完毕
/root/test/phpok/gateway/payment/yuansfer/notify.php===>转换完毕
/root/test/phpok/gateway/payment/yuansfer/notify_url.php===>转换完毕
/root/test/phpok/gateway/payment/yuansfer/submit.php===>转换完毕
/root/test/phpok/gateway/payment/yuansfer/vendor/autoload.php===>转换完毕
/root/test/phpok/gateway/payment/yuansfer/vendor/composer/ClassLoader.php===>转换完毕
/root/test/phpok/gateway/payment/yuansfer/vendor/composer/autoload_classmap.php===>转换完毕
/root/test/phpok/gateway/payment/yuansfer/vendor/composer/autoload_namespaces.php===>转换完毕
/root/test/phpok/gateway/payment/yuansfer/vendor/composer/autoload_psr4.php===>转换完毕
/root/test/phpok/gateway/payment/yuansfer/vendor/composer/autoload_real.php===>转换完毕
/root/test/phpok/gateway/payment/yuansfer/vendor/composer/autoload_static.php===>转换完毕
/root/test/phpok/gateway/payment/yuansfer/vendor/nategood/httpful/bootstrap.php===>转换完毕
/root/test/phpok/gateway/payment/yuansfer/vendor/nategood/httpful/examples/freebase.php===>转换完毕
/root/test/phpok/gateway/payment/yuansfer/vendor/nategood/httpful/examples/github.php===>转换完毕
/root/test/phpok/gateway/payment/yuansfer/vendor/nategood/httpful/examples/override.php===>转换完毕
/root/test/phpok/gateway/payment/yuansfer/vendor/nategood/httpful/examples/showclix.php===>转换完毕
/root/test/phpok/gateway/payment/yuansfer/vendor/nategood/httpful/src/Httpful/Bootstrap.php===>转换完毕
/root/test/phpok/gateway/payment/yuansfer/vendor/nategood/httpful/src/Httpful/Exception/ConnectionErrorException.php===>转换完毕
/root/test/phpok/gateway/payment/yuansfer/vendor/nategood/httpful/src/Httpful/Handlers/CsvHandler.php===>转换完毕
/root/test/phpok/gateway/payment/yuansfer/vendor/nategood/httpful/src/Httpful/Handlers/FormHandler.php===>转换完毕
/root/test/phpok/gateway/payment/yuansfer/vendor/nategood/httpful/src/Httpful/Handlers/JsonHandler.php===>转换完毕
/root/test/phpok/gateway/payment/yuansfer/vendor/nategood/httpful/src/Httpful/Handlers/MimeHandlerAdapter.php===>转换完毕
/root/test/phpok/gateway/payment/yuansfer/vendor/nategood/httpful/src/Httpful/Handlers/XHtmlHandler.php===>转换完毕
/root/test/phpok/gateway/payment/yuansfer/vendor/nategood/httpful/src/Httpful/Handlers/XmlHandler.php===>转换完毕
/root/test/phpok/gateway/payment/yuansfer/vendor/nategood/httpful/src/Httpful/Http.php===>转换完毕
/root/test/phpok/gateway/payment/yuansfer/vendor/nategood/httpful/src/Httpful/Httpful.php===>转换完毕
/root/test/phpok/gateway/payment/yuansfer/vendor/nategood/httpful/src/Httpful/Mime.php===>转换完毕
/root/test/phpok/gateway/payment/yuansfer/vendor/nategood/httpful/src/Httpful/Proxy.php===>转换完毕
/root/test/phpok/gateway/payment/yuansfer/vendor/nategood/httpful/src/Httpful/Request.php===>转换完毕
/root/test/phpok/gateway/payment/yuansfer/vendor/nategood/httpful/src/Httpful/Response/Headers.php===>转换完毕
/root/test/phpok/gateway/payment/yuansfer/vendor/nategood/httpful/src/Httpful/Response.php===>转换完毕
/root/test/phpok/gateway/payment/yuansfer/vendor/nategood/httpful/tests/Httpful/HttpfulTest.php===>转换完毕
/root/test/phpok/gateway/payment/yuansfer/vendor/nategood/httpful/tests/Httpful/requestTest.php===>转换完毕
/root/test/phpok/gateway/payment/yuansfer/vendor/nategood/httpful/tests/bootstrap-server.php===>转换完毕
/root/test/phpok/gateway/payment/yuansfer/vendor/nategood/httpful/tests/phpunit.xml===>转换完毕
/root/test/phpok/gateway/payment/yuansfer/vendor/yuansfer/yuansfer-php-sdk/example/api_exchange_rate.php===>转换完毕
/root/test/phpok/gateway/payment/yuansfer/vendor/yuansfer/yuansfer-php-sdk/example/api_secure_pay.php===>转换完毕
/root/test/phpok/gateway/payment/yuansfer/vendor/yuansfer/yuansfer-php-sdk/example/api_secure_pay_reference_query.php===>转换完毕
/root/test/phpok/gateway/payment/yuansfer/vendor/yuansfer/yuansfer-php-sdk/example/api_secure_pay_refund.php===>转换完毕
/root/test/phpok/gateway/payment/yuansfer/vendor/yuansfer/yuansfer-php-sdk/example/callback_secure_pay.php===>转换完毕
/root/test/phpok/gateway/payment/yuansfer/vendor/yuansfer/yuansfer-php-sdk/example/callback_secure_pay_ipn.php===>转换完毕
/root/test/phpok/gateway/payment/yuansfer/vendor/yuansfer/yuansfer-php-sdk/example/yuansfer_config.php===>转换完毕
/root/test/phpok/gateway/payment/yuansfer/vendor/yuansfer/yuansfer-php-sdk/src/Api/AbstractApi.php===>转换完毕
/root/test/phpok/gateway/payment/yuansfer/vendor/yuansfer/yuansfer-php-sdk/src/Api/ExchangeRate.php===>转换完毕
/root/test/phpok/gateway/payment/yuansfer/vendor/yuansfer/yuansfer-php-sdk/src/Api/SecurePay.php===>转换完毕
/root/test/phpok/gateway/payment/yuansfer/vendor/yuansfer/yuansfer-php-sdk/src/Api/SecurePayReferenceQuery.php===>转换完毕
/root/test/phpok/gateway/payment/yuansfer/vendor/yuansfer/yuansfer-php-sdk/src/Api/SecurePayRefund.php===>转换完毕
/root/test/phpok/gateway/payment/yuansfer/vendor/yuansfer/yuansfer-php-sdk/src/ApiInterface.php===>转换完毕
/root/test/phpok/gateway/payment/yuansfer/vendor/yuansfer/yuansfer-php-sdk/src/Exception/BadMethodCallException.php===>转换完毕
/root/test/phpok/gateway/payment/yuansfer/vendor/yuansfer/yuansfer-php-sdk/src/Exception/HttpClientException.php===>转换完毕
/root/test/phpok/gateway/payment/yuansfer/vendor/yuansfer/yuansfer-php-sdk/src/Exception/HttpErrorException.php===>转换完毕
/root/test/phpok/gateway/payment/yuansfer/vendor/yuansfer/yuansfer-php-sdk/src/Exception/InvalidArgumentException.php===>转换完毕
/root/test/phpok/gateway/payment/yuansfer/vendor/yuansfer/yuansfer-php-sdk/src/Exception/InvalidParamException.php===>转换完毕
/root/test/phpok/gateway/payment/yuansfer/vendor/yuansfer/yuansfer-php-sdk/src/Exception/RequiredEmptyException.php===>转换完毕
/root/test/phpok/gateway/payment/yuansfer/vendor/yuansfer/yuansfer-php-sdk/src/Exception/YuansferException.php===>转换完毕
/root/test/phpok/gateway/payment/yuansfer/vendor/yuansfer/yuansfer-php-sdk/src/Util/Sign.php===>转换完毕
/root/test/phpok/gateway/payment/yuansfer/vendor/yuansfer/yuansfer-php-sdk/src/Yuansfer.php===>转换完毕
/root/test/phpok/gateway/sms/ali/alisms.html===>转换完毕
/root/test/phpok/gateway/sms/ali/config.xml===>转换完毕
/root/test/phpok/gateway/sms/ali/exec.php===>转换完毕
/root/test/phpok/gateway/sms/ali/help.html===>转换完毕
/root/test/phpok/gateway/sms/ali/readme.php===>转换完毕
/root/test/phpok/gateway/sms/ali/sendsms.php===>转换完毕
/root/test/phpok/gateway/sms/aliyun/alisms.html===>转换完毕
/root/test/phpok/gateway/sms/aliyun/config.xml===>转换完毕
/root/test/phpok/gateway/sms/aliyun/exec.php===>转换完毕
/root/test/phpok/gateway/sms/aliyun/help.html===>转换完毕
/root/test/phpok/gateway/sms/aliyun/readme.php===>转换完毕
/root/test/phpok/gateway/sms/aliyun/sendsms.php===>转换完毕
/root/test/phpok/gateway/sms/chinaweimei/balance.php===>转换完毕
/root/test/phpok/gateway/sms/chinaweimei/config.xml===>转换完毕
/root/test/phpok/gateway/sms/chinaweimei/exec.php===>转换完毕
/root/test/phpok/gateway/sms/chinaweimei/sendsms.php===>转换完毕
/root/test/phpok/gateway/sms/chinaweimei/smskey.html===>转换完毕
/root/test/phpok/gateway/sms/chinaweimei/smskey.php===>转换完毕
/root/test/phpok/gateway/sms/duanxincm/balance.php===>转换完毕
/root/test/phpok/gateway/sms/duanxincm/config.xml===>转换完毕
/root/test/phpok/gateway/sms/duanxincm/exec.php===>转换完毕
/root/test/phpok/gateway/sms/duanxincm/sendsms.php===>转换完毕
/root/test/phpok/gateway/sms/gxt106com/balance.php===>转换完毕
/root/test/phpok/gateway/sms/gxt106com/config.xml===>转换完毕
/root/test/phpok/gateway/sms/gxt106com/exec.php===>转换完毕
/root/test/phpok/gateway/sms/gxt106com/sendsms.php===>转换完毕
/root/test/phpok/gateway/sms/sendcloud/config.xml===>转换完毕
/root/test/phpok/gateway/sms/sendcloud/exec.php===>转换完毕
/root/test/phpok/gateway/sms/sendcloud/help.html===>转换完毕
/root/test/phpok/gateway/sms/sendcloud/readme.php===>转换完毕
/root/test/phpok/gateway/sms/sendcloud/sendsms.html===>转换完毕
/root/test/phpok/gateway/sms/sendcloud/sendsms.php===>转换完毕
/root/test/phpok/gateway/sms/sendsms.html===>转换完毕
/root/test/phpok/img.php===>转换完毕
/root/test/phpok/index.php===>转换完毕
/root/test/phpok/js/ckeditor/adapters/jquery.js===>转换完毕
/root/test/phpok/js/ckeditor/ckeditor.js===>转换完毕
/root/test/phpok/js/ckeditor/config.js===>转换完毕
/root/test/phpok/js/ckeditor/lang/en.js===>转换完毕
/root/test/phpok/js/ckeditor/lang/zh-cn.js===>转换完毕
/root/test/phpok/js/ckeditor/lang/zh.js===>转换完毕
/root/test/phpok/js/ckeditor/plugins/a11yhelp/dialogs/a11yhelp.js===>转换完毕
/root/test/phpok/js/ckeditor/plugins/a11yhelp/dialogs/lang/af.js===>转换完毕
/root/test/phpok/js/ckeditor/plugins/a11yhelp/dialogs/lang/ar.js===>转换完毕
/root/test/phpok/js/ckeditor/plugins/a11yhelp/dialogs/lang/az.js===>转换完毕
/root/test/phpok/js/ckeditor/plugins/a11yhelp/dialogs/lang/bg.js===>转换完毕
/root/test/phpok/js/ckeditor/plugins/a11yhelp/dialogs/lang/ca.js===>转换完毕
/root/test/phpok/js/ckeditor/plugins/a11yhelp/dialogs/lang/cs.js===>转换完毕
/root/test/phpok/js/ckeditor/plugins/a11yhelp/dialogs/lang/cy.js===>转换完毕
/root/test/phpok/js/ckeditor/plugins/a11yhelp/dialogs/lang/da.js===>转换完毕
/root/test/phpok/js/ckeditor/plugins/a11yhelp/dialogs/lang/de-ch.js===>转换完毕
/root/test/phpok/js/ckeditor/plugins/a11yhelp/dialogs/lang/de.js===>转换完毕
/root/test/phpok/js/ckeditor/plugins/a11yhelp/dialogs/lang/el.js===>转换完毕
/root/test/phpok/js/ckeditor/plugins/a11yhelp/dialogs/lang/en-au.js===>转换完毕
/root/test/phpok/js/ckeditor/plugins/a11yhelp/dialogs/lang/en-gb.js===>转换完毕
/root/test/phpok/js/ckeditor/plugins/a11yhelp/dialogs/lang/en.js===>转换完毕
/root/test/phpok/js/ckeditor/plugins/a11yhelp/dialogs/lang/eo.js===>转换完毕
/root/test/phpok/js/ckeditor/plugins/a11yhelp/dialogs/lang/es-mx.js===>转换完毕
/root/test/phpok/js/ckeditor/plugins/a11yhelp/dialogs/lang/es.js===>转换完毕
/root/test/phpok/js/ckeditor/plugins/a11yhelp/dialogs/lang/et.js===>转换完毕
/root/test/phpok/js/ckeditor/plugins/a11yhelp/dialogs/lang/eu.js===>转换完毕
/root/test/phpok/js/ckeditor/plugins/a11yhelp/dialogs/lang/fa.js===>转换完毕
/root/test/phpok/js/ckeditor/plugins/a11yhelp/dialogs/lang/fi.js===>转换完毕
/root/test/phpok/js/ckeditor/plugins/a11yhelp/dialogs/lang/fo.js===>转换完毕
/root/test/phpok/js/ckeditor/plugins/a11yhelp/dialogs/lang/fr-ca.js===>转换完毕
/root/test/phpok/js/ckeditor/plugins/a11yhelp/dialogs/lang/fr.js===>转换完毕
/root/test/phpok/js/ckeditor/plugins/a11yhelp/dialogs/lang/gl.js===>转换完毕
/root/test/phpok/js/ckeditor/plugins/a11yhelp/dialogs/lang/gu.js===>转换完毕
/root/test/phpok/js/ckeditor/plugins/a11yhelp/dialogs/lang/he.js===>转换完毕
/root/test/phpok/js/ckeditor/plugins/a11yhelp/dialogs/lang/hi.js===>转换完毕
/root/test/phpok/js/ckeditor/plugins/a11yhelp/dialogs/lang/hr.js===>转换完毕
/root/test/phpok/js/ckeditor/plugins/a11yhelp/dialogs/lang/hu.js===>转换完毕
/root/test/phpok/js/ckeditor/plugins/a11yhelp/dialogs/lang/id.js===>转换完毕
/root/test/phpok/js/ckeditor/plugins/a11yhelp/dialogs/lang/it.js===>转换完毕
/root/test/phpok/js/ckeditor/plugins/a11yhelp/dialogs/lang/ja.js===>转换完毕
/root/test/phpok/js/ckeditor/plugins/a11yhelp/dialogs/lang/km.js===>转换完毕
/root/test/phpok/js/ckeditor/plugins/a11yhelp/dialogs/lang/ko.js===>转换完毕
/root/test/phpok/js/ckeditor/plugins/a11yhelp/dialogs/lang/ku.js===>转换完毕
/root/test/phpok/js/ckeditor/plugins/a11yhelp/dialogs/lang/lt.js===>转换完毕
/root/test/phpok/js/ckeditor/plugins/a11yhelp/dialogs/lang/lv.js===>转换完毕
/root/test/phpok/js/ckeditor/plugins/a11yhelp/dialogs/lang/mk.js===>转换完毕
/root/test/phpok/js/ckeditor/plugins/a11yhelp/dialogs/lang/mn.js===>转换完毕
/root/test/phpok/js/ckeditor/plugins/a11yhelp/dialogs/lang/nb.js===>转换完毕
/root/test/phpok/js/ckeditor/plugins/a11yhelp/dialogs/lang/nl.js===>转换完毕
/root/test/phpok/js/ckeditor/plugins/a11yhelp/dialogs/lang/no.js===>转换完毕
/root/test/phpok/js/ckeditor/plugins/a11yhelp/dialogs/lang/oc.js===>转换完毕
/root/test/phpok/js/ckeditor/plugins/a11yhelp/dialogs/lang/pl.js===>转换完毕
/root/test/phpok/js/ckeditor/plugins/a11yhelp/dialogs/lang/pt-br.js===>转换完毕
/root/test/phpok/js/ckeditor/plugins/a11yhelp/dialogs/lang/pt.js===>转换完毕
/root/test/phpok/js/ckeditor/plugins/a11yhelp/dialogs/lang/ro.js===>转换完毕
/root/test/phpok/js/ckeditor/plugins/a11yhelp/dialogs/lang/ru.js===>转换完毕
/root/test/phpok/js/ckeditor/plugins/a11yhelp/dialogs/lang/si.js===>转换完毕
/root/test/phpok/js/ckeditor/plugins/a11yhelp/dialogs/lang/sk.js===>转换完毕
/root/test/phpok/js/ckeditor/plugins/a11yhelp/dialogs/lang/sl.js===>转换完毕
/root/test/phpok/js/ckeditor/plugins/a11yhelp/dialogs/lang/sq.js===>转换完毕
/root/test/phpok/js/ckeditor/plugins/a11yhelp/dialogs/lang/sr-latn.js===>转换完毕
/root/test/phpok/js/ckeditor/plugins/a11yhelp/dialogs/lang/sr.js===>转换完毕
/root/test/phpok/js/ckeditor/plugins/a11yhelp/dialogs/lang/sv.js===>转换完毕
/root/test/phpok/js/ckeditor/plugins/a11yhelp/dialogs/lang/th.js===>转换完毕
/root/test/phpok/js/ckeditor/plugins/a11yhelp/dialogs/lang/tr.js===>转换完毕
/root/test/phpok/js/ckeditor/plugins/a11yhelp/dialogs/lang/tt.js===>转换完毕
/root/test/phpok/js/ckeditor/plugins/a11yhelp/dialogs/lang/ug.js===>转换完毕
/root/test/phpok/js/ckeditor/plugins/a11yhelp/dialogs/lang/uk.js===>转换完毕
/root/test/phpok/js/ckeditor/plugins/a11yhelp/dialogs/lang/vi.js===>转换完毕
/root/test/phpok/js/ckeditor/plugins/a11yhelp/dialogs/lang/zh-cn.js===>转换完毕
/root/test/phpok/js/ckeditor/plugins/a11yhelp/dialogs/lang/zh.js===>转换完毕
/root/test/phpok/js/ckeditor/plugins/about/dialogs/about.js===>转换完毕
/root/test/phpok/js/ckeditor/plugins/clipboard/dialogs/paste.js===>转换完毕
/root/test/phpok/js/ckeditor/plugins/colordialog/dialogs/colordialog.js===>转换完毕
/root/test/phpok/js/ckeditor/plugins/dialog/dialogDefinition.js===>转换完毕
/root/test/phpok/js/ckeditor/plugins/div/dialogs/div.js===>转换完毕
/root/test/phpok/js/ckeditor/plugins/find/dialogs/find.js===>转换完毕
/root/test/phpok/js/ckeditor/plugins/flash/dialogs/flash.js===>转换完毕
/root/test/phpok/js/ckeditor/plugins/forms/dialogs/button.js===>转换完毕
/root/test/phpok/js/ckeditor/plugins/forms/dialogs/checkbox.js===>转换完毕
/root/test/phpok/js/ckeditor/plugins/forms/dialogs/form.js===>转换完毕
/root/test/phpok/js/ckeditor/plugins/forms/dialogs/hiddenfield.js===>转换完毕
/root/test/phpok/js/ckeditor/plugins/forms/dialogs/radio.js===>转换完毕
/root/test/phpok/js/ckeditor/plugins/forms/dialogs/select.js===>转换完毕
/root/test/phpok/js/ckeditor/plugins/forms/dialogs/textarea.js===>转换完毕
/root/test/phpok/js/ckeditor/plugins/forms/dialogs/textfield.js===>转换完毕
/root/test/phpok/js/ckeditor/plugins/iframe/dialogs/iframe.js===>转换完毕
/root/test/phpok/js/ckeditor/plugins/image/dialogs/image.js===>转换完毕
/root/test/phpok/js/ckeditor/plugins/imglist/dialogs/imglist.js===>转换完毕
/root/test/phpok/js/ckeditor/plugins/imglist/plugin.js===>转换完毕
/root/test/phpok/js/ckeditor/plugins/link/dialogs/anchor.js===>转换完毕
/root/test/phpok/js/ckeditor/plugins/link/dialogs/link.js===>转换完毕
/root/test/phpok/js/ckeditor/plugins/liststyle/dialogs/liststyle.js===>转换完毕
/root/test/phpok/js/ckeditor/plugins/pastefromword/filter/default.js===>转换完毕
/root/test/phpok/js/ckeditor/plugins/preview/preview.html===>转换完毕
/root/test/phpok/js/ckeditor/plugins/scayt/dialogs/options.js===>转换完毕
/root/test/phpok/js/ckeditor/plugins/smiley/dialogs/smiley.js===>转换完毕
/root/test/phpok/js/ckeditor/plugins/specialchar/dialogs/lang/af.js===>转换完毕
/root/test/phpok/js/ckeditor/plugins/specialchar/dialogs/lang/ar.js===>转换完毕
/root/test/phpok/js/ckeditor/plugins/specialchar/dialogs/lang/az.js===>转换完毕
/root/test/phpok/js/ckeditor/plugins/specialchar/dialogs/lang/bg.js===>转换完毕
/root/test/phpok/js/ckeditor/plugins/specialchar/dialogs/lang/ca.js===>转换完毕
/root/test/phpok/js/ckeditor/plugins/specialchar/dialogs/lang/cs.js===>转换完毕
/root/test/phpok/js/ckeditor/plugins/specialchar/dialogs/lang/cy.js===>转换完毕
/root/test/phpok/js/ckeditor/plugins/specialchar/dialogs/lang/da.js===>转换完毕
/root/test/phpok/js/ckeditor/plugins/specialchar/dialogs/lang/de-ch.js===>转换完毕
/root/test/phpok/js/ckeditor/plugins/specialchar/dialogs/lang/de.js===>转换完毕
/root/test/phpok/js/ckeditor/plugins/specialchar/dialogs/lang/el.js===>转换完毕
/root/test/phpok/js/ckeditor/plugins/specialchar/dialogs/lang/en-au.js===>转换完毕
/root/test/phpok/js/ckeditor/plugins/specialchar/dialogs/lang/en-ca.js===>转换完毕
/root/test/phpok/js/ckeditor/plugins/specialchar/dialogs/lang/en-gb.js===>转换完毕
/root/test/phpok/js/ckeditor/plugins/specialchar/dialogs/lang/en.js===>转换完毕
/root/test/phpok/js/ckeditor/plugins/specialchar/dialogs/lang/eo.js===>转换完毕
/root/test/phpok/js/ckeditor/plugins/specialchar/dialogs/lang/es-mx.js===>转换完毕
/root/test/phpok/js/ckeditor/plugins/specialchar/dialogs/lang/es.js===>转换完毕
/root/test/phpok/js/ckeditor/plugins/specialchar/dialogs/lang/et.js===>转换完毕
/root/test/phpok/js/ckeditor/plugins/specialchar/dialogs/lang/eu.js===>转换完毕
/root/test/phpok/js/ckeditor/plugins/specialchar/dialogs/lang/fa.js===>转换完毕
/root/test/phpok/js/ckeditor/plugins/specialchar/dialogs/lang/fi.js===>转换完毕
/root/test/phpok/js/ckeditor/plugins/specialchar/dialogs/lang/fr-ca.js===>转换完毕
/root/test/phpok/js/ckeditor/plugins/specialchar/dialogs/lang/fr.js===>转换完毕
/root/test/phpok/js/ckeditor/plugins/specialchar/dialogs/lang/gl.js===>转换完毕
/root/test/phpok/js/ckeditor/plugins/specialchar/dialogs/lang/he.js===>转换完毕
/root/test/phpok/js/ckeditor/plugins/specialchar/dialogs/lang/hr.js===>转换完毕
/root/test/phpok/js/ckeditor/plugins/specialchar/dialogs/lang/hu.js===>转换完毕
/root/test/phpok/js/ckeditor/plugins/specialchar/dialogs/lang/id.js===>转换完毕
/root/test/phpok/js/ckeditor/plugins/specialchar/dialogs/lang/it.js===>转换完毕
/root/test/phpok/js/ckeditor/plugins/specialchar/dialogs/lang/ja.js===>转换完毕
/root/test/phpok/js/ckeditor/plugins/specialchar/dialogs/lang/km.js===>转换完毕
/root/test/phpok/js/ckeditor/plugins/specialchar/dialogs/lang/ko.js===>转换完毕
/root/test/phpok/js/ckeditor/plugins/specialchar/dialogs/lang/ku.js===>转换完毕
/root/test/phpok/js/ckeditor/plugins/specialchar/dialogs/lang/lt.js===>转换完毕
/root/test/phpok/js/ckeditor/plugins/specialchar/dialogs/lang/lv.js===>转换完毕
/root/test/phpok/js/ckeditor/plugins/specialchar/dialogs/lang/nb.js===>转换完毕
/root/test/phpok/js/ckeditor/plugins/specialchar/dialogs/lang/nl.js===>转换完毕
/root/test/phpok/js/ckeditor/plugins/specialchar/dialogs/lang/no.js===>转换完毕
/root/test/phpok/js/ckeditor/plugins/specialchar/dialogs/lang/oc.js===>转换完毕
/root/test/phpok/js/ckeditor/plugins/specialchar/dialogs/lang/pl.js===>转换完毕
/root/test/phpok/js/ckeditor/plugins/specialchar/dialogs/lang/pt-br.js===>转换完毕
/root/test/phpok/js/ckeditor/plugins/specialchar/dialogs/lang/pt.js===>转换完毕
/root/test/phpok/js/ckeditor/plugins/specialchar/dialogs/lang/ro.js===>转换完毕
/root/test/phpok/js/ckeditor/plugins/specialchar/dialogs/lang/ru.js===>转换完毕
/root/test/phpok/js/ckeditor/plugins/specialchar/dialogs/lang/si.js===>转换完毕
/root/test/phpok/js/ckeditor/plugins/specialchar/dialogs/lang/sk.js===>转换完毕
/root/test/phpok/js/ckeditor/plugins/specialchar/dialogs/lang/sl.js===>转换完毕
/root/test/phpok/js/ckeditor/plugins/specialchar/dialogs/lang/sq.js===>转换完毕
/root/test/phpok/js/ckeditor/plugins/specialchar/dialogs/lang/sv.js===>转换完毕
/root/test/phpok/js/ckeditor/plugins/specialchar/dialogs/lang/th.js===>转换完毕
/root/test/phpok/js/ckeditor/plugins/specialchar/dialogs/lang/tr.js===>转换完毕
/root/test/phpok/js/ckeditor/plugins/specialchar/dialogs/lang/tt.js===>转换完毕
/root/test/phpok/js/ckeditor/plugins/specialchar/dialogs/lang/ug.js===>转换完毕
/root/test/phpok/js/ckeditor/plugins/specialchar/dialogs/lang/uk.js===>转换完毕
/root/test/phpok/js/ckeditor/plugins/specialchar/dialogs/lang/vi.js===>转换完毕
/root/test/phpok/js/ckeditor/plugins/specialchar/dialogs/lang/zh-cn.js===>转换完毕
/root/test/phpok/js/ckeditor/plugins/specialchar/dialogs/lang/zh.js===>转换完毕
/root/test/phpok/js/ckeditor/plugins/specialchar/dialogs/specialchar.js===>转换完毕
/root/test/phpok/js/ckeditor/plugins/table/dialogs/table.js===>转换完毕
/root/test/phpok/js/ckeditor/plugins/tabletools/dialogs/tableCell.js===>转换完毕
/root/test/phpok/js/ckeditor/plugins/templates/dialogs/templates.js===>转换完毕
/root/test/phpok/js/ckeditor/plugins/templates/templates/default.js===>转换完毕
/root/test/phpok/js/ckeditor/plugins/wsc/dialogs/ciframe.html===>转换完毕
/root/test/phpok/js/ckeditor/plugins/wsc/dialogs/tmpFrameset.html===>转换完毕
/root/test/phpok/js/ckeditor/plugins/wsc/dialogs/wsc.js===>转换完毕
/root/test/phpok/js/ckeditor/plugins/wsc/dialogs/wsc_ie.js===>转换完毕
/root/test/phpok/js/ckeditor/styles.js===>转换完毕
/root/test/phpok/js/clipboard.min.js===>转换完毕
/root/test/phpok/js/codemirror/codemirror.js===>转换完毕
/root/test/phpok/js/echarts.min.js===>转换完毕
/root/test/phpok/js/flot/excanvas.min.js===>转换完毕
/root/test/phpok/js/flot/jquery.flot.min.js===>转换完毕
/root/test/phpok/js/form.param.js===>转换完毕
/root/test/phpok/js/form.select.js===>转换完毕
/root/test/phpok/js/highlighter/shcore.js===>转换完毕
/root/test/phpok/js/html5.js===>转换完毕
/root/test/phpok/js/jquery.artdialog.js===>转换完毕
/root/test/phpok/js/jquery.cart.js===>转换完毕
/root/test/phpok/js/jquery.desktop.js===>转换完毕
/root/test/phpok/js/jquery.form.min.js===>转换完毕
/root/test/phpok/js/jquery.js===>转换完毕
/root/test/phpok/js/jquery.json.min.js===>转换完毕
/root/test/phpok/js/jquery.md5.js===>转换完毕
/root/test/phpok/js/jquery.smartmenu.js===>转换完毕
/root/test/phpok/js/jquery.superslide.js===>转换完毕
/root/test/phpok/js/jquery.touchslide.js===>转换完毕
/root/test/phpok/js/jscolor/jscolor.js===>转换完毕
/root/test/phpok/js/laydate/laydate.js===>转换完毕
/root/test/phpok/js/qiniu/qiniu.min.js===>转换完毕
/root/test/phpok/js/qiniu/upload.func.js===>转换完毕
/root/test/phpok/js/selectpage.min.js===>转换完毕
/root/test/phpok/js/slick/slick.js===>转换完毕
/root/test/phpok/js/ueditor/dialogs/anchor/anchor.html===>转换完毕
/root/test/phpok/js/ueditor/dialogs/attachment/attachment.html===>转换完毕
/root/test/phpok/js/ueditor/dialogs/attachment/attachment.js===>转换完毕
/root/test/phpok/js/ueditor/dialogs/attachment/callbacks.js===>转换完毕
/root/test/phpok/js/ueditor/dialogs/background/background.html===>转换完毕
/root/test/phpok/js/ueditor/dialogs/background/background.js===>转换完毕
/root/test/phpok/js/ueditor/dialogs/emotion/emotion.html===>转换完毕
/root/test/phpok/js/ueditor/dialogs/emotion/emotion.js===>转换完毕
/root/test/phpok/js/ueditor/dialogs/help/help.html===>转换完毕
/root/test/phpok/js/ueditor/dialogs/help/help.js===>转换完毕
/root/test/phpok/js/ueditor/dialogs/image/image.html===>转换完毕
/root/test/phpok/js/ueditor/dialogs/image/image.js===>转换完毕
/root/test/phpok/js/ueditor/dialogs/insertframe/insertframe.html===>转换完毕
/root/test/phpok/js/ueditor/dialogs/internal.js===>转换完毕
/root/test/phpok/js/ueditor/dialogs/link/link.html===>转换完毕
/root/test/phpok/js/ueditor/dialogs/map/map.html===>转换完毕
/root/test/phpok/js/ueditor/dialogs/map/show.html===>转换完毕
/root/test/phpok/js/ueditor/dialogs/music/music.html===>转换完毕
/root/test/phpok/js/ueditor/dialogs/music/music.js===>转换完毕
/root/test/phpok/js/ueditor/dialogs/preview/preview.html===>转换完毕
/root/test/phpok/js/ueditor/dialogs/snapscreen/snapscreen.html===>转换完毕
/root/test/phpok/js/ueditor/dialogs/spechars/spechars.html===>转换完毕
/root/test/phpok/js/ueditor/dialogs/spechars/spechars.js===>转换完毕
/root/test/phpok/js/ueditor/dialogs/table/edittable.html===>转换完毕
/root/test/phpok/js/ueditor/dialogs/table/edittable.js===>转换完毕
/root/test/phpok/js/ueditor/dialogs/table/edittd.html===>转换完毕
/root/test/phpok/js/ueditor/dialogs/table/edittip.html===>转换完毕
/root/test/phpok/js/ueditor/dialogs/template/config.js===>转换完毕
/root/test/phpok/js/ueditor/dialogs/template/template.html===>转换完毕
/root/test/phpok/js/ueditor/dialogs/template/template.js===>转换完毕
/root/test/phpok/js/ueditor/dialogs/video/video.html===>转换完毕
/root/test/phpok/js/ueditor/dialogs/video/video.js===>转换完毕
/root/test/phpok/js/ueditor/lang/zh-cn/zh-cn.js===>转换完毕
/root/test/phpok/js/ueditor/ueditor.all.js===>转换完毕
/root/test/phpok/js/ueditor/ueditor.all.min.js===>转换完毕
/root/test/phpok/js/ueditor/ueditor.config.js===>转换完毕
/root/test/phpok/js/ueditor/ueditor.parse.js===>转换完毕
/root/test/phpok/js/webuploader/admin.upload.js===>转换完毕
/root/test/phpok/js/webuploader/webuploader.min.js===>转换完毕
/root/test/phpok/js/webuploader/www.upload.js===>转换完毕
/root/test/phpok/langs/admin.xml===>转换完毕
/root/test/phpok/langs/en_US/LC_MESSAGES/admin.xml===>转换完毕
/root/test/phpok/langs/lang.php===>转换完毕
/root/test/phpok/langs/lang2.php===>转换完毕
/root/test/phpok/langs/lang_www.php===>转换完毕
/root/test/phpok/phpinc/all.php===>转换完毕
/root/test/phpok/phpinc/bbs_content.php===>转换完毕
/root/test/phpok/phpinc/bbs_list.php===>转换完毕
/root/test/phpok/phpinc/bbs_post.php===>转换完毕
/root/test/phpok/phpinc/comment.php===>转换完毕
/root/test/phpok/phpinc/download.php===>转换完毕
/root/test/phpok/phpinc/download_list.html===>转换完毕
/root/test/phpok/phpinc/form_edit.php===>转换完毕
/root/test/phpok/phpinc/innodb.php===>转换完毕
/root/test/phpok/phpinc/myisam.php===>转换完毕
/root/test/phpok/phpinc/shortcut.php===>转换完毕
/root/test/phpok/phpinc/update.php===>转换完毕
/root/test/phpok/phpinc/update_user_fields.php===>转换完毕
/root/test/phpok/phpinc/usergroup.php===>转换完毕
/root/test/phpok/phpinc/video.php===>转换完毕
/root/test/phpok/plugins/identifier/admin.php===>转换完毕
/root/test/phpok/plugins/identifier/api.php===>转换完毕
/root/test/phpok/plugins/identifier/config.xml===>转换完毕
/root/test/phpok/plugins/identifier/err.xml===>转换完毕
/root/test/phpok/plugins/identifier/install.php===>转换完毕
/root/test/phpok/plugins/identifier/setting.php===>转换完毕
/root/test/phpok/plugins/identifier/template/btn.html===>转换完毕
/root/test/phpok/plugins/identifier/template/setting.html===>转换完毕
/root/test/phpok/static/admin/config.js===>转换完毕
/root/test/phpok/static/admin/layui/css/modules/layim/html/chatlog.html===>转换完毕
/root/test/phpok/static/admin/layui/css/modules/layim/html/find.html===>转换完毕
/root/test/phpok/static/admin/layui/css/modules/layim/html/msgbox.html===>转换完毕
/root/test/phpok/static/admin/layui/lay/modules/carousel.js===>转换完毕
/root/test/phpok/static/admin/layui/lay/modules/code.js===>转换完毕
/root/test/phpok/static/admin/layui/lay/modules/colorpicker.js===>转换完毕
/root/test/phpok/static/admin/layui/lay/modules/element.js===>转换完毕
/root/test/phpok/static/admin/layui/lay/modules/flow.js===>转换完毕
/root/test/phpok/static/admin/layui/lay/modules/form.js===>转换完毕
/root/test/phpok/static/admin/layui/lay/modules/jquery.js===>转换完毕
/root/test/phpok/static/admin/layui/lay/modules/laydate.js===>转换完毕
/root/test/phpok/static/admin/layui/lay/modules/layedit.js===>转换完毕
/root/test/phpok/static/admin/layui/lay/modules/layer.js===>转换完毕
/root/test/phpok/static/admin/layui/lay/modules/layim.js===>转换完毕
/root/test/phpok/static/admin/layui/lay/modules/laypage.js===>转换完毕
/root/test/phpok/static/admin/layui/lay/modules/laytpl.js===>转换完毕
/root/test/phpok/static/admin/layui/lay/modules/mobile.js===>转换完毕
/root/test/phpok/static/admin/layui/lay/modules/rate.js===>转换完毕
/root/test/phpok/static/admin/layui/lay/modules/slider.js===>转换完毕
/root/test/phpok/static/admin/layui/lay/modules/table.js===>转换完毕
/root/test/phpok/static/admin/layui/lay/modules/tree.js===>转换完毕
/root/test/phpok/static/admin/layui/lay/modules/upload.js===>转换完毕
/root/test/phpok/static/admin/layui/lay/modules/util.js===>转换完毕
/root/test/phpok/static/admin/layui/layui.all.js===>转换完毕
/root/test/phpok/static/admin/layui/layui.js===>转换完毕
/root/test/phpok/static/admin/layui/waterfall.js===>转换完毕
/root/test/phpok/static/admin/lib/admin.js===>转换完毕
/root/test/phpok/static/admin/lib/extend/echarts.js===>转换完毕
/root/test/phpok/static/admin/lib/extend/echartsTheme.js===>转换完毕
/root/test/phpok/static/admin/lib/index.js===>转换完毕
/root/test/phpok/static/admin/lib/view.js===>转换完毕
/root/test/phpok/static/admin/modules/common.js===>转换完毕
/root/test/phpok/static/admin/tpl/system/about.html===>转换完毕
/root/test/phpok/static/admin/tpl/system/get.html===>转换完毕
/root/test/phpok/static/admin/tpl/system/more.html===>转换完毕
/root/test/phpok/static/admin/tpl/system/theme.html===>转换完毕
/root/test/phpok/task/clear.php===>转换完毕
/root/test/phpok/task/comment.php===>转换完毕
/root/test/phpok/task/expired.php===>转换完毕
/root/test/phpok/task/order.php===>转换完毕
/root/test/phpok/task/order_auto_complete.php===>转换完毕
/root/test/phpok/task/post.php===>转换完毕
/root/test/phpok/test/config.php===>转换完毕
/root/test/phpok/test/dbtest.php===>转换完毕
/root/test/phpok/tpl/error.html===>转换完毕
/root/test/phpok/tpl/success.html===>转换完毕
/root/test/phpok/tpl/tips.html===>转换完毕
/root/test/phpok/tpl/www/404.html===>转换完毕
/root/test/phpok/tpl/www/about_content.html===>转换完毕
/root/test/phpok/tpl/www/bbs_detail.html===>转换完毕
/root/test/phpok/tpl/www/bbs_fabu.html===>转换完毕
/root/test/phpok/tpl/www/bbs_index.html===>转换完毕
/root/test/phpok/tpl/www/bbs_list.html===>转换完毕
/root/test/phpok/tpl/www/block/breadcrumb.html===>转换完毕
/root/test/phpok/tpl/www/block/cart_checkout_address.html===>转换完毕
/root/test/phpok/tpl/www/block/catelist.html===>转换完毕
/root/test/phpok/tpl/www/block/comment.html===>转换完毕
/root/test/phpok/tpl/www/block/contact.html===>转换完毕
/root/test/phpok/tpl/www/block/hot_article.html===>转换完毕
/root/test/phpok/tpl/www/block/hot_products.html===>转换完毕
/root/test/phpok/tpl/www/block/next_prev.html===>转换完毕
/root/test/phpok/tpl/www/block/pagelist.html===>转换完毕
/root/test/phpok/tpl/www/block/protocol.html===>转换完毕
/root/test/phpok/tpl/www/block/usercp_nav.html===>转换完毕
/root/test/phpok/tpl/www/book_list.html===>转换完毕
/root/test/phpok/tpl/www/cart_checkout.html===>转换完毕
/root/test/phpok/tpl/www/cart_index.html===>转换完毕
/root/test/phpok/tpl/www/cart_success.html===>转换完毕
/root/test/phpok/tpl/www/cart_tip.html===>转换完毕
/root/test/phpok/tpl/www/contactus.html===>转换完毕
/root/test/phpok/tpl/www/download_content.html===>转换完毕
/root/test/phpok/tpl/www/download_list.html===>转换完毕
/root/test/phpok/tpl/www/foot.html===>转换完毕
/root/test/phpok/tpl/www/footer.html===>转换完毕
/root/test/phpok/tpl/www/form_address.html===>转换完毕
/root/test/phpok/tpl/www/head.html===>转换完毕
/root/test/phpok/tpl/www/header.html===>转换完毕
/root/test/phpok/tpl/www/index.html===>转换完毕
/root/test/phpok/tpl/www/js/global.js===>转换完毕
/root/test/phpok/tpl/www/js/jquery.imgareaselect.min.js===>转换完毕
/root/test/phpok/tpl/www/js/jquery.zoombie.js===>转换完毕
/root/test/phpok/tpl/www/login.html===>转换完毕
/root/test/phpok/tpl/www/login_email.html===>转换完毕
/root/test/phpok/tpl/www/login_getpass.html===>转换完毕
/root/test/phpok/tpl/www/login_open.html===>转换完毕
/root/test/phpok/tpl/www/login_sms.html===>转换完毕
/root/test/phpok/tpl/www/news_content.html===>转换完毕
/root/test/phpok/tpl/www/news_list.html===>转换完毕
/root/test/phpok/tpl/www/offlinepayment.html===>转换完毕
/root/test/phpok/tpl/www/order_comment.html===>转换完毕
/root/test/phpok/tpl/www/order_info.html===>转换完毕
/root/test/phpok/tpl/www/order_list.html===>转换完毕
/root/test/phpok/tpl/www/order_logistics.html===>转换完毕
/root/test/phpok/tpl/www/order_payment.html===>转换完毕
/root/test/phpok/tpl/www/payment/alipay_submit.html===>转换完毕
/root/test/phpok/tpl/www/payment/authorize/submit.html===>转换完毕
/root/test/phpok/tpl/www/payment/wxpay/submit_jsapi.html===>转换完毕
/root/test/phpok/tpl/www/payment/wxpay/submit_qrcode.html===>转换完毕
/root/test/phpok/tpl/www/payment/wxpay/submit_wap.html===>转换完毕
/root/test/phpok/tpl/www/payment_index.html===>转换完毕
/root/test/phpok/tpl/www/photo_content.html===>转换完毕
/root/test/phpok/tpl/www/photo_list.html===>转换完毕
/root/test/phpok/tpl/www/post_add.html===>转换完毕
/root/test/phpok/tpl/www/post_edit.html===>转换完毕
/root/test/phpok/tpl/www/post_link.html===>转换完毕
/root/test/phpok/tpl/www/product_content.html===>转换完毕
/root/test/phpok/tpl/www/product_list.html===>转换完毕
/root/test/phpok/tpl/www/register.html===>转换完毕
/root/test/phpok/tpl/www/register_check_code.html===>转换完毕
/root/test/phpok/tpl/www/register_check_email.html===>转换完毕
/root/test/phpok/tpl/www/search_index.html===>转换完毕
/root/test/phpok/tpl/www/search_list.html===>转换完毕
/root/test/phpok/tpl/www/tag.html===>转换完毕
/root/test/phpok/tpl/www/usercp.html===>转换完毕
/root/test/phpok/tpl/www/usercp_address.html===>转换完毕
/root/test/phpok/tpl/www/usercp_address_setting.html===>转换完毕
/root/test/phpok/tpl/www/usercp_avatar.html===>转换完毕
/root/test/phpok/tpl/www/usercp_email.html===>转换完毕
/root/test/phpok/tpl/www/usercp_fav.html===>转换完毕
/root/test/phpok/tpl/www/usercp_info.html===>转换完毕
/root/test/phpok/tpl/www/usercp_introducer.html===>转换完毕
/root/test/phpok/tpl/www/usercp_invoice.html===>转换完毕
/root/test/phpok/tpl/www/usercp_invoice_setting.html===>转换完毕
/root/test/phpok/tpl/www/usercp_list.html===>转换完毕
/root/test/phpok/tpl/www/usercp_mobile.html===>转换完毕
/root/test/phpok/tpl/www/usercp_passwd.html===>转换完毕
/root/test/phpok/tpl/www/usercp_wealth.html===>转换完毕
/root/test/phpok/tpl/www/videos_content.html===>转换完毕
/root/test/phpok/tpl/www/videos_list.html===>转换完毕
/root/test/phpok/tpl/www_mobile/404.html===>转换完毕
/root/test/phpok/tpl/www_mobile/about_content.html===>转换完毕
/root/test/phpok/tpl/www_mobile/bbs_detail.html===>转换完毕
/root/test/phpok/tpl/www_mobile/bbs_index.html===>转换完毕
/root/test/phpok/tpl/www_mobile/bbs_list.html===>转换完毕
/root/test/phpok/tpl/www_mobile/block/breadcrumb.html===>转换完毕
/root/test/phpok/tpl/www_mobile/block/cart_checkout_address.html===>转换完毕
/root/test/phpok/tpl/www_mobile/block/catelist.html===>转换完毕
/root/test/phpok/tpl/www_mobile/block/comment.html===>转换完毕
/root/test/phpok/tpl/www_mobile/block/contact.html===>转换完毕
/root/test/phpok/tpl/www_mobile/block/hot_article.html===>转换完毕
/root/test/phpok/tpl/www_mobile/block/hot_products.html===>转换完毕
/root/test/phpok/tpl/www_mobile/block/next_prev.html===>转换完毕
/root/test/phpok/tpl/www_mobile/block/pagelist.html===>转换完毕
/root/test/phpok/tpl/www_mobile/block/protocol.html===>转换完毕
/root/test/phpok/tpl/www_mobile/block/usercp_nav.html===>转换完毕
/root/test/phpok/tpl/www_mobile/book_list.html===>转换完毕
/root/test/phpok/tpl/www_mobile/cart_checkout.html===>转换完毕
/root/test/phpok/tpl/www_mobile/cart_index.html===>转换完毕
/root/test/phpok/tpl/www_mobile/cart_tip.html===>转换完毕
/root/test/phpok/tpl/www_mobile/contactus.html===>转换完毕
/root/test/phpok/tpl/www_mobile/download_content.html===>转换完毕
/root/test/phpok/tpl/www_mobile/download_list.html===>转换完毕
/root/test/phpok/tpl/www_mobile/foot.html===>转换完毕
/root/test/phpok/tpl/www_mobile/footer.html===>转换完毕
/root/test/phpok/tpl/www_mobile/head.html===>转换完毕
/root/test/phpok/tpl/www_mobile/header.html===>转换完毕
/root/test/phpok/tpl/www_mobile/index.html===>转换完毕
/root/test/phpok/tpl/www_mobile/js/exif.js===>转换完毕
/root/test/phpok/tpl/www_mobile/js/fileinput.js===>转换完毕
/root/test/phpok/tpl/www_mobile/js/global.js===>转换完毕
/root/test/phpok/tpl/www_mobile/js/image-clip.js===>转换完毕
/root/test/phpok/tpl/www_mobile/js/usercp_avatar.js===>转换完毕
/root/test/phpok/tpl/www_mobile/login.html===>转换完毕
/root/test/phpok/tpl/www_mobile/login_email.html===>转换完毕
/root/test/phpok/tpl/www_mobile/login_getpass.html===>转换完毕
/root/test/phpok/tpl/www_mobile/login_open.html===>转换完毕
/root/test/phpok/tpl/www_mobile/login_sms.html===>转换完毕
/root/test/phpok/tpl/www_mobile/news_content.html===>转换完毕
/root/test/phpok/tpl/www_mobile/news_list.html===>转换完毕
/root/test/phpok/tpl/www_mobile/offlinepayment.html===>转换完毕
/root/test/phpok/tpl/www_mobile/order_comment.html===>转换完毕
/root/test/phpok/tpl/www_mobile/order_info.html===>转换完毕
/root/test/phpok/tpl/www_mobile/order_list.html===>转换完毕
/root/test/phpok/tpl/www_mobile/order_payment.html===>转换完毕
/root/test/phpok/tpl/www_mobile/payment/alipay_submit.html===>转换完毕
/root/test/phpok/tpl/www_mobile/payment/authorize/submit.html===>转换完毕
/root/test/phpok/tpl/www_mobile/payment/wxpay/submit_jsapi.html===>转换完毕
/root/test/phpok/tpl/www_mobile/payment/wxpay/submit_qrcode.html===>转换完毕
/root/test/phpok/tpl/www_mobile/payment/wxpay/submit_wap.html===>转换完毕
/root/test/phpok/tpl/www_mobile/payment_index.html===>转换完毕
/root/test/phpok/tpl/www_mobile/photo_content.html===>转换完毕
/root/test/phpok/tpl/www_mobile/photo_list.html===>转换完毕
/root/test/phpok/tpl/www_mobile/post_add.html===>转换完毕
/root/test/phpok/tpl/www_mobile/post_edit.html===>转换完毕
/root/test/phpok/tpl/www_mobile/product_content.html===>转换完毕
/root/test/phpok/tpl/www_mobile/product_list.html===>转换完毕
/root/test/phpok/tpl/www_mobile/register.html===>转换完毕
/root/test/phpok/tpl/www_mobile/register_check_code.html===>转换完毕
/root/test/phpok/tpl/www_mobile/register_check_email.html===>转换完毕
/root/test/phpok/tpl/www_mobile/search_index.html===>转换完毕
/root/test/phpok/tpl/www_mobile/search_list.html===>转换完毕
/root/test/phpok/tpl/www_mobile/tag.html===>转换完毕
/root/test/phpok/tpl/www_mobile/usercp.html===>转换完毕
/root/test/phpok/tpl/www_mobile/usercp_address.html===>转换完毕
/root/test/phpok/tpl/www_mobile/usercp_address_setting.html===>转换完毕
/root/test/phpok/tpl/www_mobile/usercp_avatar.html===>转换完毕
/root/test/phpok/tpl/www_mobile/usercp_email.html===>转换完毕
/root/test/phpok/tpl/www_mobile/usercp_fav.html===>转换完毕
/root/test/phpok/tpl/www_mobile/usercp_info.html===>转换完毕
/root/test/phpok/tpl/www_mobile/usercp_introducer.html===>转换完毕
/root/test/phpok/tpl/www_mobile/usercp_list.html===>转换完毕
/root/test/phpok/tpl/www_mobile/usercp_mobile.html===>转换完毕
/root/test/phpok/tpl/www_mobile/usercp_passwd.html===>转换完毕
/root/test/phpok/tpl/www_mobile/usercp_wealth.html===>转换完毕
/root/test/phpok/tpl/www_mobile/videos_content.html===>转换完毕
/root/test/phpok/tpl/www_mobile/videos_list.html===>转换完毕
